"C:/Git/VR/goodTR/tr.uproject" 1
"../../../Engine/Plugins/2D/Paper2D/Paper2D.uplugin" 2
"../../../Engine/Plugins/Blendables/LightPropagationVolume/LightPropagationVolume.uplugin" 3
"../../../Engine/Plugins/Developer/BlankPlugin/BlankPlugin.uplugin" 4
"../../../Engine/Plugins/Developer/CodeLiteSourceCodeAccess/CodeLiteSourceCodeAccess.uplugin" 5
"../../../Engine/Plugins/Developer/GitSourceControl/GitSourceControl.uplugin" 6
"../../../Engine/Plugins/Developer/KDevelopSourceCodeAccess/KDevelopSourceCodeAccess.uplugin" 7
"../../../Engine/Plugins/Developer/NullSourceCodeAccess/NullSourceCodeAccess.uplugin" 8
"../../../Engine/Plugins/Developer/OneSkyLocalizationService/OneSkyLocalizationService.uplugin" 9
"../../../Engine/Plugins/Developer/PerforceSourceControl/PerforceSourceControl.uplugin" 10
"../../../Engine/Plugins/Developer/SubversionSourceControl/SubversionSourceControl.uplugin" 11
"../../../Engine/Plugins/Developer/UObjectPlugin/UObjectPlugin.uplugin" 12
"../../../Engine/Plugins/Developer/VisualStudioSourceCodeAccess/VisualStudioSourceCodeAccess.uplugin" 13
"../../../Engine/Plugins/Developer/XCodeSourceCodeAccess/XCodeSourceCodeAccess.uplugin" 14
"../../../Engine/Plugins/Editor/EpicSurvey/EpicSurvey.uplugin" 15
"../../../Engine/Plugins/Editor/MacGraphicsSwitching/MacGraphicsSwitching.uplugin" 16
"../../../Engine/Plugins/Editor/PluginBrowser/PluginBrowser.uplugin" 17
"../../../Engine/Plugins/Editor/SpeedTreeImporter/SpeedTreeImporter.uplugin" 18
"../../../Engine/Plugins/Experimental/BlueprintStats/BlueprintStats.uplugin" 19
"../../../Engine/Plugins/Experimental/CharacterAI/CharacterAI.uplugin" 20
"../../../Engine/Plugins/Experimental/CodeEditor/CodeEditor.uplugin" 21
"../../../Engine/Plugins/Experimental/CodeView/CodeView.uplugin" 22
"../../../Engine/Plugins/Experimental/HTML5Networking/HTML5Networking.uplugin" 23
"../../../Engine/Plugins/Experimental/LiveEditor/LiveEditor.uplugin" 24
"../../../Engine/Plugins/Experimental/Phya/Phya.uplugin" 25
"../../../Engine/Plugins/Experimental/SimpleHMD/SimpleHMD.uplugin" 26
"../../../Engine/Plugins/Experimental/StructBox/StructBox.uplugin" 27
"../../../Engine/Plugins/Media/AndroidMedia/AndroidMedia.uplugin" 28
"../../../Engine/Plugins/Media/AvfMedia/AvfMedia.uplugin" 29
"../../../Engine/Plugins/Media/MediaPlayerEditor/MediaPlayerEditor.uplugin" 30
"../../../Engine/Plugins/Media/WmfMedia/WmfMedia.uplugin" 31
"../../../Engine/Plugins/Messaging/MessagingDebugger/MessagingDebugger.uplugin" 32
"../../../Engine/Plugins/Messaging/UdpMessaging/UdpMessaging.uplugin" 33
"../../../Engine/Plugins/MovieScene/LevelSequenceEditor/LevelSequenceEditor.uplugin" 34
"../../../Engine/Plugins/NetcodeUnitTest/NetcodeUnitTest/NetcodeUnitTest.uplugin" 35
"../../../Engine/Plugins/NetcodeUnitTest/NUTUnrealEngine4/NUTUnrealEngine4.uplugin" 36
"../../../Engine/Plugins/Runtime/Advertising/IOSTapJoy/IOSTapJoy.uplugin" 37
"../../../Engine/Plugins/Runtime/Analytics/AnalyticsBlueprintLibrary/AnalyticsBlueprintLibrary.uplugin" 38
"../../../Engine/Plugins/Runtime/Analytics/AnalyticsMulticast/AnalyticsMulticast.uplugin" 39
"../../../Engine/Plugins/Runtime/Analytics/Apsalar/IOSApsalar/IOSApsalar.uplugin" 40
"../../../Engine/Plugins/Runtime/Analytics/FileLogging/FileLogging.uplugin" 41
"../../../Engine/Plugins/Runtime/Analytics/Flurry/IOSFlurry/IOSFlurry.uplugin" 42
"../../../Engine/Plugins/Runtime/AndroidDeviceProfileSelector/AndroidDeviceProfileSelector.uplugin" 43
"../../../Engine/Plugins/Runtime/AndroidMoviePlayer/AndroidMoviePlayer.uplugin" 44
"../../../Engine/Plugins/Runtime/AppleMoviePlayer/AppleMoviePlayer.uplugin" 45
"../../../Engine/Plugins/Runtime/ArchVisCharacter/ArchVisCharacter.uplugin" 46
"../../../Engine/Plugins/Runtime/CableComponent/CableComponent.uplugin" 47
"../../../Engine/Plugins/Runtime/CustomMeshComponent/CustomMeshComponent.uplugin" 48
"../../../Engine/Plugins/Runtime/ExampleDeviceProfileSelector/ExampleDeviceProfileSelector.uplugin" 49
"../../../Engine/Plugins/Runtime/GearVR/GearVR.uplugin" 50
"../../../Engine/Plugins/Runtime/IOSDeviceProfileSelector/IOSDeviceProfileSelector.uplugin" 51
"../../../Engine/Plugins/Runtime/LeapMotionController/LeapMotionController.uplugin" 52
"../../../Engine/Plugins/Runtime/LinuxDeviceProfileSelector/LinuxDeviceProfileSelector.uplugin" 53
"../../../Engine/Plugins/Runtime/LiveEditorListenServer/LiveEditorListenServer.uplugin" 54
"../../../Engine/Plugins/Runtime/OculusAudio/OculusAudio.uplugin" 55
"../../../Engine/Plugins/Runtime/OculusInput/OculusInput.uplugin" 56
"../../../Engine/Plugins/Runtime/OculusLibrary/OculusLibrary.uplugin" 57
"../../../Engine/Plugins/Runtime/OculusRift/OculusRift.uplugin" 58
"../../../Engine/Plugins/Runtime/ProceduralMeshComponent/ProceduralMeshComponent.uplugin" 59
"../../../Engine/Plugins/Runtime/SoundMod/SoundMod.uplugin" 60
"../../../Engine/Plugins/Runtime/SoundVisualizations/SoundVisualizations.uplugin" 61
"../../../Engine/Plugins/Runtime/Steam/SteamController/SteamController.uplugin" 62
"../../../Engine/Plugins/Runtime/Steam/SteamVR/SteamVR.uplugin" 63
"../../../Engine/Plugins/Runtime/WebBrowserWidget/WebBrowserWidget.uplugin" 64
"../../../Engine/Plugins/Runtime/WindowsDeviceProfileSelector/WindowsDeviceProfileSelector.uplugin" 65
"../../../Engine/Plugins/Runtime/WindowsMoviePlayer/WindowsMoviePlayer.uplugin" 66
"../../../Engine/Plugins/ScriptGeneratorPlugin/ScriptGeneratorPlugin.uplugin" 67
"../../../Engine/Plugins/ScriptPlugin/ScriptPlugin.uplugin" 68
"../../../Engine/Plugins/Slate/SlateRemote/SlateRemote.uplugin" 69
"..\..\..\Engine\Content\Internationalization\icudt53l\cnvalias.icu" 70
"..\..\..\Engine\Content\Internationalization\icudt53l\en_US_POSIX.res" 71
"..\..\..\Engine\Content\Internationalization\icudt53l\pool.res" 72
"..\..\..\Engine\Content\Internationalization\icudt53l\en_US.res" 73
"..\..\..\Engine\Content\Internationalization\icudt53l\en.res" 74
"..\..\..\Engine\Content\Internationalization\icudt53l\root.res" 75
"C:/Users/Jacob/AppData/Local/UnrealEngine/4.10/Saved/Config/Windows/Manifest.ini" 76
"../../../Engine/Config/Base.ini" 77
"../../../Engine/Config/BaseEngine.ini" 78
"C:/Git/VR/goodTR/Config/DefaultEngine.ini" 79
"../../../Engine/Config/Windows/WindowsEngine.ini" 80
"C:/Git/VR/goodTR/Saved/Config/Windows/Engine.ini" 81
"../../../../../../Git/VR/goodTR/Intermediate/Config/CoalescedSourceConfigs/Engine.ini" 82
"../../../Engine/Config/BaseGame.ini" 83
"C:/Git/VR/goodTR/Config/DefaultGame.ini" 84
"C:/Git/VR/goodTR/Saved/Config/Windows/Game.ini" 85
"../../../../../../Git/VR/goodTR/Intermediate/Config/CoalescedSourceConfigs/Game.ini" 86
"../../../Engine/Config/BaseInput.ini" 87
"C:/Git/VR/goodTR/Config/DefaultInput.ini" 88
"C:/Git/VR/goodTR/Saved/Config/Windows/Input.ini" 89
"../../../../../../Git/VR/goodTR/Intermediate/Config/CoalescedSourceConfigs/Input.ini" 90
"../../../Engine/Config/BaseEditor.ini" 91
"C:/Git/VR/goodTR/Config/DefaultEditor.ini" 92
"C:/Git/VR/goodTR/Saved/Config/Windows/Editor.ini" 93
"../../../../../../Git/VR/goodTR/Intermediate/Config/CoalescedSourceConfigs/Editor.ini" 94
"../../../Engine/Config/BaseEditorPerProjectUserSettings.ini" 95
"C:/Git/VR/goodTR/Saved/Config/Windows/EditorPerProjectUserSettings.ini" 96
"../../../../../../Git/VR/goodTR/Intermediate/Config/CoalescedSourceConfigs/EditorPerProjectUserSettings.ini" 97
"../../../Engine/Config/BaseEditorSettings.ini" 98
"C:/Users/Jacob/AppData/Local/UnrealEngine/4.10/Saved/Config/Windows/EditorSettings.ini" 99
"../../../../../../Git/VR/goodTR/Intermediate/Config/CoalescedSourceConfigs/EditorSettings.ini" 100
"../../../Engine/Config/BaseEditorLayout.ini" 101
"C:/Users/Jacob/AppData/Local/UnrealEngine/4.10/Saved/Config/Windows/EditorLayout.ini" 102
"../../../../../../Git/VR/goodTR/Intermediate/Config/CoalescedSourceConfigs/EditorLayout.ini" 103
"../../../Engine/Config/BaseEditorKeyBindings.ini" 104
"C:/Users/Jacob/AppData/Local/UnrealEngine/4.10/Saved/Config/Windows/EditorKeyBindings.ini" 105
"../../../../../../Git/VR/goodTR/Intermediate/Config/CoalescedSourceConfigs/EditorKeyBindings.ini" 106
"../../../Engine/Config/BaseCompat.ini" 107
"C:/Git/VR/goodTR/Saved/Config/Windows/Compat.ini" 108
"../../../../../../Git/VR/goodTR/Intermediate/Config/CoalescedSourceConfigs/Compat.ini" 109
"../../../Engine/Config/BaseLightmass.ini" 110
"C:/Git/VR/goodTR/Saved/Config/Windows/Lightmass.ini" 111
"../../../../../../Git/VR/goodTR/Intermediate/Config/CoalescedSourceConfigs/Lightmass.ini" 112
"../../../Engine/Config/BaseScalability.ini" 113
"C:/Git/VR/goodTR/Saved/Config/Windows/Scalability.ini" 114
"../../../../../../Git/VR/goodTR/Intermediate/Config/CoalescedSourceConfigs/Scalability.ini" 115
"C:/Git/VR/goodTR/Saved/Config/Windows/GameUserSettings.ini" 116
"../../../../../../Git/VR/goodTR/Intermediate/Config/CoalescedSourceConfigs/GameUserSettings.ini" 117
"../../../Engine/Config/BaseDeviceProfiles.ini" 118
"C:/Git/VR/goodTR/Saved/Config/Windows/DeviceProfiles.ini" 119
"../../../../../../Git/VR/goodTR/Intermediate/Config/CoalescedSourceConfigs/DeviceProfiles.ini" 120
"../../../Engine/Config/ConsoleVariables.ini" 121
"..\..\..\Engine\Content\Internationalization\icudt53l\es.res" 122
"..\..\..\Engine\Content\Internationalization\icudt53l\ja.res" 123
"..\..\..\Engine\Content\Internationalization\icudt53l\ko.res" 124
"..\..\..\Engine\Content\Internationalization\icudt53l\pt_BR.res" 125
"..\..\..\Engine\Content\Internationalization\icudt53l\pt.res" 126
"..\..\..\Engine\Content\Internationalization\icudt53l\zh_CN.res" 127
"..\..\..\Engine\Content\Internationalization\icudt53l\zh_Hans_CN.res" 128
"..\..\..\Engine\Content\Internationalization\icudt53l\zh_Hans.res" 129
"..\..\..\Engine\Content\Internationalization\icudt53l\zh.res" 130
"C:/Program Files (x86)/Epic Games/4.10/Engine/Content/Localization/Editor/en/Editor.locres" 131
"C:/Program Files (x86)/Epic Games/4.10/Engine/Content/Localization/EditorTutorials/en/EditorTutorials.locres" 132
"C:/Program Files (x86)/Epic Games/4.10/Engine/Content/Localization/Keywords/en/Keywords.locres" 133
"C:/Program Files (x86)/Epic Games/4.10/Engine/Content/Localization/Category/en/Category.locres" 134
"C:/Program Files (x86)/Epic Games/4.10/Engine/Content/Localization/ToolTips/en/ToolTips.locres" 135
"C:/Program Files (x86)/Epic Games/4.10/Engine/Content/Localization/PropertyNames/en/PropertyNames.locres" 136
"C:/Program Files (x86)/Epic Games/4.10/Engine/Content/Localization/Engine/en/Engine.locres" 137
"../../../Engine/Content/Slate/Fonts/Roboto-Regular.ttf" 138
"../../../Engine/Content/Slate/Fonts/DroidSansMono.ttf" 139
"../../../Engine/Content/Slate/Fonts/Roboto-Bold.ttf" 140
"../../../Engine/Content/Slate/Fonts/Roboto-Light.ttf" 141
"C:/Program Files (x86)/Epic Games/4.10/Engine/Binaries/Win64/../../../Engine/Shaders/ParticleSpriteVertexFactory.usf" 142
"C:/Program Files (x86)/Epic Games/4.10/Engine/Binaries/Win64/../../../Engine/Shaders/VertexFactoryCommon.usf" 143
"C:/Program Files (x86)/Epic Games/4.10/Engine/Binaries/Win64/../../../Engine/Shaders/Common.usf" 144
"C:/Program Files (x86)/Epic Games/4.10/Engine/Binaries/Win64/../../../Engine/Shaders/MetalCommon.usf" 145
"C:/Program Files (x86)/Epic Games/4.10/Engine/Binaries/Win64/../../../Engine/Shaders/ShaderVersion.usf" 146
"C:/Program Files (x86)/Epic Games/4.10/Engine/Binaries/Win64/../../../Engine/Shaders/CommonViewUniformBuffer.usf" 147
"C:/Program Files (x86)/Epic Games/4.10/Engine/Binaries/Win64/../../../Engine/Shaders/Definitions.usf" 148
"C:/Program Files (x86)/Epic Games/4.10/Engine/Binaries/Win64/../../../Engine/Shaders/Random.usf" 149
"C:/Program Files (x86)/Epic Games/4.10/Engine/Binaries/Win64/../../../Engine/Shaders/ParticleVertexFactoryCommon.usf" 150
"C:/Program Files (x86)/Epic Games/4.10/Engine/Binaries/Win64/../../../Engine/Shaders/ParticleGPUSpriteVertexFactory.usf" 151
"C:/Program Files (x86)/Epic Games/4.10/Engine/Binaries/Win64/../../../Engine/Shaders/ParticleBeamTrailVertexFactory.usf" 152
"C:/Program Files (x86)/Epic Games/4.10/Engine/Binaries/Win64/../../../Engine/Shaders/LocalVertexFactory.usf" 153
"C:/Program Files (x86)/Epic Games/4.10/Engine/Binaries/Win64/../../../Engine/Shaders/LocalVertexFactoryCommon.usf" 154
"C:/Program Files (x86)/Epic Games/4.10/Engine/Binaries/Win64/../../../Engine/Shaders/VectorFieldVisualizationVertexFactory.usf" 155
"C:/Program Files (x86)/Epic Games/4.10/Engine/Binaries/Win64/../../../Engine/Shaders/MeshParticleVertexFactory.usf" 156
"C:/Program Files (x86)/Epic Games/4.10/Engine/Binaries/Win64/../../../Engine/Shaders/GpuSkinVertexFactory.usf" 157
"C:/Program Files (x86)/Epic Games/4.10/Engine/Binaries/Win64/../../../Engine/Shaders/GpuSkinCacheCommon.usf" 158
"C:/Program Files (x86)/Epic Games/4.10/Engine/Binaries/Win64/../../../Engine/Shaders/LandscapeVertexFactory.usf" 159
"C:/Program Files (x86)/Epic Games/4.10/Engine/Binaries/Win64/../../../Engine/Shaders/SlateElementPixelShader.usf" 160
"C:/Program Files (x86)/Epic Games/4.10/Engine/Binaries/Win64/../../../Engine/Shaders/GammaCorrectionCommon.usf" 161
"C:/Program Files (x86)/Epic Games/4.10/Engine/Binaries/Win64/../../../Engine/Shaders/MaterialTemplate.usf" 162
"C:/Program Files (x86)/Epic Games/4.10/Engine/Binaries/Win64/../../../Engine/Shaders/DepthOfFieldCommon.usf" 163
"C:/Program Files (x86)/Epic Games/4.10/Engine/Binaries/Win64/../../../Engine/Shaders/GlobalDistanceFieldShared.usf" 164
"C:/Program Files (x86)/Epic Games/4.10/Engine/Binaries/Win64/../../../Engine/Shaders/SpeedTreeCommon.usf" 165
"C:/Program Files (x86)/Epic Games/4.10/Engine/Binaries/Win64/../../../Engine/Shaders/AtmosphereCommon.usf" 166
"C:/Program Files (x86)/Epic Games/4.10/Engine/Binaries/Win64/../../../Engine/Shaders/PaniniProjection.usf" 167
"C:/Program Files (x86)/Epic Games/4.10/Engine/Binaries/Win64/../../../Engine/Shaders/EyeAdaptationCommon.usf" 168
"C:/Program Files (x86)/Epic Games/4.10/Engine/Binaries/Win64/../../../Engine/Shaders/PostProcessCommon.usf" 169
"C:/Program Files (x86)/Epic Games/4.10/Engine/Binaries/Win64/../../../Engine/Shaders/DeferredShadingCommon.usf" 170
"C:/Program Files (x86)/Epic Games/4.10/Engine/Binaries/Win64/../../../Engine/Shaders/LightAccumulator.usf" 171
"C:/Program Files (x86)/Epic Games/4.10/Engine/Binaries/Win64/../../../Engine/Shaders/SlateVertexShader.usf" 172
"C:/Program Files (x86)/Epic Games/4.10/Engine/Binaries/Win64/../../../Engine/Shaders/ParticleSortKeyGen.usf" 173
"C:/Program Files (x86)/Epic Games/4.10/Engine/Binaries/Win64/../../../Engine/Shaders/ParticleBoundsShader.usf" 174
"C:/Program Files (x86)/Epic Games/4.10/Engine/Binaries/Win64/../../../Engine/Shaders/ParticleSimVisualizeShader.usf" 175
"C:/Program Files (x86)/Epic Games/4.10/Engine/Binaries/Win64/../../../Engine/Shaders/ParticleInjectionShader.usf" 176
"C:/Program Files (x86)/Epic Games/4.10/Engine/Binaries/Win64/../../../Engine/Shaders/ParticleSimulationShader.usf" 177
"C:/Program Files (x86)/Epic Games/4.10/Engine/Binaries/Win64/../../../Engine/Shaders/ParticleCurveInjectionShader.usf" 178
"C:/Program Files (x86)/Epic Games/4.10/Engine/Binaries/Win64/../../../Engine/Shaders/VectorFieldCompositeShaders.usf" 179
"C:/Program Files (x86)/Epic Games/4.10/Engine/Binaries/Win64/../../../Engine/Shaders/UpdateTextureShaders.usf" 180
"C:/Program Files (x86)/Epic Games/4.10/Engine/Binaries/Win64/../../../Engine/Shaders/SimpleElementColorChannelMaskPixelShader.usf" 181
"C:/Program Files (x86)/Epic Games/4.10/Engine/Binaries/Win64/../../../Engine/Shaders/SimpleElementPixelShader.usf" 182
"C:/Program Files (x86)/Epic Games/4.10/Engine/Binaries/Win64/../../../Engine/Shaders/ColorUtils.usf" 183
"C:/Program Files (x86)/Epic Games/4.10/Engine/Binaries/Win64/../../../Engine/Shaders/IESLightProfilesCommon.usf" 184
"C:/Program Files (x86)/Epic Games/4.10/Engine/Binaries/Win64/../../../Engine/Shaders/SimpleElementHitProxyPixelShader.usf" 185
"C:/Program Files (x86)/Epic Games/4.10/Engine/Binaries/Win64/../../../Engine/Shaders/SimpleElementVertexShader.usf" 186
"C:/Program Files (x86)/Epic Games/4.10/Engine/Binaries/Win64/../../../Engine/Shaders/ScreenVertexShader.usf" 187
"C:/Program Files (x86)/Epic Games/4.10/Engine/Binaries/Win64/../../../Engine/Shaders/ScreenPixelShader.usf" 188
"C:/Program Files (x86)/Epic Games/4.10/Engine/Binaries/Win64/../../../Engine/Shaders/RadixSortShaders.usf" 189
"C:/Program Files (x86)/Epic Games/4.10/Engine/Binaries/Win64/../../../Engine/Shaders/GpuSkinCacheComputeShader.usf" 190
"C:/Program Files (x86)/Epic Games/4.10/Engine/Binaries/Win64/../../../Engine/Shaders/NullPixelShader.usf" 191
"C:/Program Files (x86)/Epic Games/4.10/Engine/Binaries/Win64/../../../Engine/Shaders/LandscapeGrassWeight.usf" 192
"C:/Program Files (x86)/Epic Games/4.10/Engine/Binaries/Win64/../../../Engine/Shaders/VisualizeTexture.usf" 193
"C:/Program Files (x86)/Epic Games/4.10/Engine/Binaries/Win64/../../../Engine/Shaders/ScreenSpaceReflections.usf" 194
"C:/Program Files (x86)/Epic Games/4.10/Engine/Binaries/Win64/../../../Engine/Shaders/BRDF.usf" 195
"C:/Program Files (x86)/Epic Games/4.10/Engine/Binaries/Win64/../../../Engine/Shaders/MonteCarlo.usf" 196
"C:/Program Files (x86)/Epic Games/4.10/Engine/Binaries/Win64/../../../Engine/Shaders/ScreenSpaceRayCast.usf" 197
"C:/Program Files (x86)/Epic Games/4.10/Engine/Binaries/Win64/../../../Engine/Shaders/FilterVertexShader.usf" 198
"C:/Program Files (x86)/Epic Games/4.10/Engine/Binaries/Win64/../../../Engine/Shaders/FilterPixelShader.usf" 199
"C:/Program Files (x86)/Epic Games/4.10/Engine/Binaries/Win64/../../../Engine/Shaders/PostProcessVisualizeHDR.usf" 200
"C:/Program Files (x86)/Epic Games/4.10/Engine/Binaries/Win64/../../../Engine/Shaders/PostProcessHistogramCommon.usf" 201
"C:/Program Files (x86)/Epic Games/4.10/Engine/Binaries/Win64/../../../Engine/Shaders/TonemapCommon.usf" 202
"C:/Program Files (x86)/Epic Games/4.10/Engine/Binaries/Win64/../../../Engine/Shaders/ACES.usf" 203
"C:/Program Files (x86)/Epic Games/4.10/Engine/Binaries/Win64/../../../Engine/Shaders/MiniFontCommon.usf" 204
"C:/Program Files (x86)/Epic Games/4.10/Engine/Binaries/Win64/../../../Engine/Shaders/PostProcessVisualizeBuffer.usf" 205
"C:/Program Files (x86)/Epic Games/4.10/Engine/Binaries/Win64/../../../Engine/Shaders/PostProcessUpscale.usf" 206
"C:/Program Files (x86)/Epic Games/4.10/Engine/Binaries/Win64/../../../Engine/Shaders/PostProcessTonemap.usf" 207
"C:/Program Files (x86)/Epic Games/4.10/Engine/Binaries/Win64/../../../Engine/Shaders/PostProcessTestImage.usf" 208
"C:/Program Files (x86)/Epic Games/4.10/Engine/Binaries/Win64/../../../Engine/Shaders/PostProcessTemporalAA.usf" 209
"C:/Program Files (x86)/Epic Games/4.10/Engine/Binaries/Win64/../../../Engine/Shaders/PostProcessTemporalCommon.usf" 210
"C:/Program Files (x86)/Epic Games/4.10/Engine/Binaries/Win64/../../../Engine/Shaders/PostProcessSubsurface.usf" 211
"C:/Program Files (x86)/Epic Games/4.10/Engine/Binaries/Win64/../../../Engine/Shaders/SeparableSSS.usf" 212
"C:/Program Files (x86)/Epic Games/4.10/Engine/Binaries/Win64/../../../Engine/Shaders/PostProcessSelectionOutline.usf" 213
"C:/Program Files (x86)/Epic Games/4.10/Engine/Binaries/Win64/../../../Engine/Shaders/PostProcessSceneColorFringe.usf" 214
"C:/Program Files (x86)/Epic Games/4.10/Engine/Binaries/Win64/../../../Engine/Shaders/PostProcessNoiseBlur.usf" 215
"C:/Program Files (x86)/Epic Games/4.10/Engine/Binaries/Win64/../../../Engine/Shaders/PostProcessMotionBlur.usf" 216
"C:/Program Files (x86)/Epic Games/4.10/Engine/Binaries/Win64/../../../Engine/Shaders/FastMath.usf" 217
"C:/Program Files (x86)/Epic Games/4.10/Engine/Binaries/Win64/../../../Engine/Shaders/PostProcessVelocityFlatten.usf" 218
"C:/Program Files (x86)/Epic Games/4.10/Engine/Binaries/Win64/../../../Engine/Shaders/PostProcessMobile.usf" 219
"C:/Program Files (x86)/Epic Games/4.10/Engine/Binaries/Win64/../../../Engine/Shaders/PostProcessMaterialShaders.usf" 220
"C:/Program Files (x86)/Epic Games/4.10/Engine/Binaries/Win64/../../../Engine/Shaders/PostProcessLensFlares.usf" 221
"C:/Program Files (x86)/Epic Games/4.10/Engine/Binaries/Win64/../../../Engine/Shaders/PostProcessLensBlur.usf" 222
"C:/Program Files (x86)/Epic Games/4.10/Engine/Binaries/Win64/../../../Engine/Shaders/PostProcessBloom.usf" 223
"C:/Program Files (x86)/Epic Games/4.10/Engine/Binaries/Win64/../../../Engine/Shaders/PostProcessHMD.usf" 224
"C:/Program Files (x86)/Epic Games/4.10/Engine/Binaries/Win64/../../../Engine/Shaders/PostProcessHistogramReduce.usf" 225
"C:/Program Files (x86)/Epic Games/4.10/Engine/Binaries/Win64/../../../Engine/Shaders/PostProcessHistogram.usf" 226
"C:/Program Files (x86)/Epic Games/4.10/Engine/Binaries/Win64/../../../Engine/Shaders/PostProcessHierarchical.usf" 227
"C:/Program Files (x86)/Epic Games/4.10/Engine/Binaries/Win64/../../../Engine/Shaders/PostProcessGBufferHints.usf" 228
"C:/Program Files (x86)/Epic Games/4.10/Engine/Binaries/Win64/../../../Engine/Shaders/PostProcessEyeAdaptation.usf" 229
"C:/Program Files (x86)/Epic Games/4.10/Engine/Binaries/Win64/../../../Engine/Shaders/PostProcessDownsample.usf" 230
"C:/Program Files (x86)/Epic Games/4.10/Engine/Binaries/Win64/../../../Engine/Shaders/PostProcessDOF.usf" 231
"C:/Program Files (x86)/Epic Games/4.10/Engine/Binaries/Win64/../../../Engine/Shaders/PostProcessCompositeEditorPrimitives.usf" 232
"C:/Program Files (x86)/Epic Games/4.10/Engine/Binaries/Win64/../../../Engine/Shaders/PostProcessCombineLUTs.usf" 233
"C:/Program Files (x86)/Epic Games/4.10/Engine/Binaries/Win64/../../../Engine/Shaders/PostProcessCircleDOF.usf" 234
"C:/Program Files (x86)/Epic Games/4.10/Engine/Binaries/Win64/../../../Engine/Shaders/CircleDOFCommon.usf" 235
"C:/Program Files (x86)/Epic Games/4.10/Engine/Binaries/Win64/../../../Engine/Shaders/PostProcessBusyWait.usf" 236
"C:/Program Files (x86)/Epic Games/4.10/Engine/Binaries/Win64/../../../Engine/Shaders/PostProcessBokehDOF.usf" 237
"C:/Program Files (x86)/Epic Games/4.10/Engine/Binaries/Win64/../../../Engine/Shaders/PostProcessVisualizeDOF.usf" 238
"C:/Program Files (x86)/Epic Games/4.10/Engine/Binaries/Win64/../../../Engine/Shaders/FXAAShader.usf" 239
"C:/Program Files (x86)/Epic Games/4.10/Engine/Binaries/Win64/../../../Engine/Shaders/Fxaa3_11.usf" 240
"C:/Program Files (x86)/Epic Games/4.10/Engine/Binaries/Win64/../../../Engine/Shaders/PostProcessPassThrough.usf" 241
"C:/Program Files (x86)/Epic Games/4.10/Engine/Binaries/Win64/../../../Engine/Shaders/PostProcessLpvIndirect.usf" 242
"C:/Program Files (x86)/Epic Games/4.10/Engine/Binaries/Win64/../../../Engine/Shaders/DeferredLightingCommon.usf" 243
"C:/Program Files (x86)/Epic Games/4.10/Engine/Binaries/Win64/../../../Engine/Shaders/DynamicLightingCommon.usf" 244
"C:/Program Files (x86)/Epic Games/4.10/Engine/Binaries/Win64/../../../Engine/Shaders/ShadingModels.usf" 245
"C:/Program Files (x86)/Epic Games/4.10/Engine/Binaries/Win64/../../../Engine/Shaders/LPVFinalPass.usf" 246
"C:/Program Files (x86)/Epic Games/4.10/Engine/Binaries/Win64/../../../Engine/Shaders/LPVCommon.usf" 247
"C:/Program Files (x86)/Epic Games/4.10/Engine/Binaries/Win64/../../../Engine/Shaders/DeferredDecal.usf" 248
"C:/Program Files (x86)/Epic Games/4.10/Engine/Binaries/Win64/../../../Engine/Shaders/PostProcessAmbientOcclusion.usf" 249
"C:/Program Files (x86)/Epic Games/4.10/Engine/Binaries/Win64/../../../Engine/Shaders/PostProcessAmbient.usf" 250
"C:/Program Files (x86)/Epic Games/4.10/Engine/Binaries/Win64/../../../Engine/Shaders/CubemapCommon.usf" 251
"C:/Program Files (x86)/Epic Games/4.10/Engine/Binaries/Win64/../../../Engine/Shaders/VelocityShader.usf" 252
"C:/Program Files (x86)/Epic Games/4.10/Engine/Binaries/Win64/../../../Engine/Shaders/VelocityCommon.usf" 253
"C:/Program Files (x86)/Epic Games/4.10/Engine/Binaries/Win64/../../../Engine/Shaders/Tessellation.usf" 254
"C:/Program Files (x86)/Epic Games/4.10/Engine/Binaries/Win64/../../../Engine/Shaders/FlatTessellation.usf" 255
"C:/Program Files (x86)/Epic Games/4.10/Engine/Binaries/Win64/../../../Engine/Shaders/PNTriangles.usf" 256
"C:/Program Files (x86)/Epic Games/4.10/Engine/Binaries/Win64/../../../Engine/Shaders/TranslucentLightingShaders.usf" 257
"C:/Program Files (x86)/Epic Games/4.10/Engine/Binaries/Win64/../../../Engine/Shaders/SHCommon.usf" 258
"C:/Program Files (x86)/Epic Games/4.10/Engine/Binaries/Win64/../../../Engine/Shaders/ShadowProjectionCommon.usf" 259
"C:/Program Files (x86)/Epic Games/4.10/Engine/Binaries/Win64/../../../Engine/Shaders/TranslucentLightInjectionShaders.usf" 260
"C:/Program Files (x86)/Epic Games/4.10/Engine/Binaries/Win64/../../../Engine/Shaders/LightFunctionCommon.usf" 261
"C:/Program Files (x86)/Epic Games/4.10/Engine/Binaries/Win64/../../../Engine/Shaders/TranslucentShadowDepthShaders.usf" 262
"C:/Program Files (x86)/Epic Games/4.10/Engine/Binaries/Win64/../../../Engine/Shaders/ShadowDepthCommon.usf" 263
"C:/Program Files (x86)/Epic Games/4.10/Engine/Binaries/Win64/../../../Engine/Shaders/TiledDeferredLightShaders.usf" 264
"C:/Program Files (x86)/Epic Games/4.10/Engine/Binaries/Win64/../../../Engine/Shaders/SurfelTree.usf" 265
"C:/Program Files (x86)/Epic Games/4.10/Engine/Binaries/Win64/../../../Engine/Shaders/DistanceFieldLightingShared.usf" 266
"C:/Program Files (x86)/Epic Games/4.10/Engine/Binaries/Win64/../../../Engine/Shaders/SurfelMaterialShared.usf" 267
"C:/Program Files (x86)/Epic Games/4.10/Engine/Binaries/Win64/../../../Engine/Shaders/DistanceFieldAOShared.usf" 268
"C:/Program Files (x86)/Epic Games/4.10/Engine/Binaries/Win64/../../../Engine/Shaders/ShadowProjectionPixelShader.usf" 269
"C:/Program Files (x86)/Epic Games/4.10/Engine/Binaries/Win64/../../../Engine/Shaders/ShadowFilteringCommon.usf" 270
"C:/Program Files (x86)/Epic Games/4.10/Engine/Binaries/Win64/../../../Engine/Shaders/ShadowProjectionVertexShader.usf" 271
"C:/Program Files (x86)/Epic Games/4.10/Engine/Binaries/Win64/../../../Engine/Shaders/ShadowDepthPixelShader.usf" 272
"C:/Program Files (x86)/Epic Games/4.10/Engine/Binaries/Win64/../../../Engine/Shaders/LPVWriteVplCommon.usf" 273
"C:/Program Files (x86)/Epic Games/4.10/Engine/Binaries/Win64/../../../Engine/Shaders/LPVWriteCommon.usf" 274
"C:/Program Files (x86)/Epic Games/4.10/Engine/Binaries/Win64/../../../Engine/Shaders/ShadowDepthVertexShader.usf" 275
"C:/Program Files (x86)/Epic Games/4.10/Engine/Binaries/Win64/../../../Engine/Shaders/ShaderComplexityApplyPixelShader.usf" 276
"C:/Program Files (x86)/Epic Games/4.10/Engine/Binaries/Win64/../../../Engine/Shaders/ShaderComplexityApplyVertexShader.usf" 277
"C:/Program Files (x86)/Epic Games/4.10/Engine/Binaries/Win64/../../../Engine/Shaders/ShaderComplexityAccumulatePixelShader.usf" 278
"C:/Program Files (x86)/Epic Games/4.10/Engine/Binaries/Win64/../../../Engine/Shaders/HZBOcclusion.usf" 279
"C:/Program Files (x86)/Epic Games/4.10/Engine/Binaries/Win64/../../../Engine/Shaders/OcclusionQueryVertexShader.usf" 280
"C:/Program Files (x86)/Epic Games/4.10/Engine/Binaries/Win64/../../../Engine/Shaders/HitProxyPixelShader.usf" 281
"C:/Program Files (x86)/Epic Games/4.10/Engine/Binaries/Win64/../../../Engine/Shaders/HitProxyVertexShader.usf" 282
"C:/Program Files (x86)/Epic Games/4.10/Engine/Binaries/Win64/../../../Engine/Shaders/ReflectionEnvironmentShaders.usf" 283
"C:/Program Files (x86)/Epic Games/4.10/Engine/Binaries/Win64/../../../Engine/Shaders/ReflectionEnvironmentShared.usf" 284
"C:/Program Files (x86)/Epic Games/4.10/Engine/Binaries/Win64/../../../Engine/Shaders/SkyLightingShared.usf" 285
"C:/Program Files (x86)/Epic Games/4.10/Engine/Binaries/Win64/../../../Engine/Shaders/ReflectionEnvironmentComputeShaders.usf" 286
"C:/Program Files (x86)/Epic Games/4.10/Engine/Binaries/Win64/../../../Engine/Shaders/LightShaftShader.usf" 287
"C:/Program Files (x86)/Epic Games/4.10/Engine/Binaries/Win64/../../../Engine/Shaders/StationaryLightOverlapShaders.usf" 288
"C:/Program Files (x86)/Epic Games/4.10/Engine/Binaries/Win64/../../../Engine/Shaders/DeferredLightPixelShaders.usf" 289
"C:/Program Files (x86)/Epic Games/4.10/Engine/Binaries/Win64/../../../Engine/Shaders/DeferredLightVertexShaders.usf" 290
"C:/Program Files (x86)/Epic Games/4.10/Engine/Binaries/Win64/../../../Engine/Shaders/LPVVisualise.usf" 291
"C:/Program Files (x86)/Epic Games/4.10/Engine/Binaries/Win64/../../../Engine/Shaders/LPVGeometryVolumeCommon.usf" 292
"C:/Program Files (x86)/Epic Games/4.10/Engine/Binaries/Win64/../../../Engine/Shaders/LPVDirectLightInject.usf" 293
"C:/Program Files (x86)/Epic Games/4.10/Engine/Binaries/Win64/../../../Engine/Shaders/LPVPropagate.usf" 294
"C:/Program Files (x86)/Epic Games/4.10/Engine/Binaries/Win64/../../../Engine/Shaders/LPVPacking.usf" 295
"C:/Program Files (x86)/Epic Games/4.10/Engine/Binaries/Win64/../../../Engine/Shaders/LPVBuildGeometryVolume.usf" 296
"C:/Program Files (x86)/Epic Games/4.10/Engine/Binaries/Win64/../../../Engine/Shaders/LpvDirectionalOcclusion.usf" 297
"C:/Program Files (x86)/Epic Games/4.10/Engine/Binaries/Win64/../../../Engine/Shaders/LPVInject_AccumulateVplLists.usf" 298
"C:/Program Files (x86)/Epic Games/4.10/Engine/Binaries/Win64/../../../Engine/Shaders/LPVInject_GenerateVplLists.usf" 299
"C:/Program Files (x86)/Epic Games/4.10/Engine/Binaries/Win64/../../../Engine/Shaders/LPVClearLists.usf" 300
"C:/Program Files (x86)/Epic Games/4.10/Engine/Binaries/Win64/../../../Engine/Shaders/LPVClear.usf" 301
"C:/Program Files (x86)/Epic Games/4.10/Engine/Binaries/Win64/../../../Engine/Shaders/LightMapDensityShader.usf" 302
"C:/Program Files (x86)/Epic Games/4.10/Engine/Binaries/Win64/../../../Engine/Shaders/LightFunctionPixelShader.usf" 303
"C:/Program Files (x86)/Epic Games/4.10/Engine/Binaries/Win64/../../../Engine/Shaders/LightFunctionVertexShader.usf" 304
"C:/Program Files (x86)/Epic Games/4.10/Engine/Binaries/Win64/../../../Engine/Shaders/HeightfieldLighting.usf" 305
"C:/Program Files (x86)/Epic Games/4.10/Engine/Binaries/Win64/../../../Engine/Shaders/DistanceFieldShadowingShared.usf" 306
"C:/Program Files (x86)/Epic Games/4.10/Engine/Binaries/Win64/../../../Engine/Shaders/HdrCustomResolveShaders.usf" 307
"C:/Program Files (x86)/Epic Games/4.10/Engine/Binaries/Win64/../../../Engine/Shaders/GPUBenchmark.usf" 308
"C:/Program Files (x86)/Epic Games/4.10/Engine/Binaries/Win64/../../../Engine/Shaders/GlobalDistanceField.usf" 309
"C:/Program Files (x86)/Epic Games/4.10/Engine/Binaries/Win64/../../../Engine/Shaders/GammaCorrection.usf" 310
"C:/Program Files (x86)/Epic Games/4.10/Engine/Binaries/Win64/../../../Engine/Shaders/BasePassForForwardShadingPixelShader.usf" 311
"C:/Program Files (x86)/Epic Games/4.10/Engine/Binaries/Win64/../../../Engine/Shaders/BasePassForForwardShadingCommon.usf" 312
"C:/Program Files (x86)/Epic Games/4.10/Engine/Binaries/Win64/../../../Engine/Shaders/LightmapCommon.usf" 313
"C:/Program Files (x86)/Epic Games/4.10/Engine/Binaries/Win64/../../../Engine/Shaders/BasePassForForwardShadingVertexShader.usf" 314
"C:/Program Files (x86)/Epic Games/4.10/Engine/Binaries/Win64/../../../Engine/Shaders/HeightFogCommon.usf" 315
"C:/Program Files (x86)/Epic Games/4.10/Engine/Binaries/Win64/../../../Engine/Shaders/HeightFogPixelShader.usf" 316
"C:/Program Files (x86)/Epic Games/4.10/Engine/Binaries/Win64/../../../Engine/Shaders/HeightFogVertexShader.usf" 317
"C:/Program Files (x86)/Epic Games/4.10/Engine/Binaries/Win64/../../../Engine/Shaders/DistortAccumulatePS.usf" 318
"C:/Program Files (x86)/Epic Games/4.10/Engine/Binaries/Win64/../../../Engine/Shaders/DistortAccumulateVS.usf" 319
"C:/Program Files (x86)/Epic Games/4.10/Engine/Binaries/Win64/../../../Engine/Shaders/DistortApplyScreenPS.usf" 320
"C:/Program Files (x86)/Epic Games/4.10/Engine/Binaries/Win64/../../../Engine/Shaders/DistanceFieldSurfaceCacheLighting.usf" 321
"C:/Program Files (x86)/Epic Games/4.10/Engine/Binaries/Win64/../../../Engine/Shaders/SkyLighting.usf" 322
"C:/Program Files (x86)/Epic Games/4.10/Engine/Binaries/Win64/../../../Engine/Shaders/DistanceFieldSurfaceCacheLightingCompute.usf" 323
"C:/Program Files (x86)/Epic Games/4.10/Engine/Binaries/Win64/../../../Engine/Shaders/DistanceFieldShadowing.usf" 324
"C:/Program Files (x86)/Epic Games/4.10/Engine/Binaries/Win64/../../../Engine/Shaders/DistanceFieldScreenGridLighting.usf" 325
"C:/Program Files (x86)/Epic Games/4.10/Engine/Binaries/Win64/../../../Engine/Shaders/DistanceFieldLightingPost.usf" 326
"C:/Program Files (x86)/Epic Games/4.10/Engine/Binaries/Win64/../../../Engine/Shaders/DistanceFieldGlobalIllumination.usf" 327
"C:/Program Files (x86)/Epic Games/4.10/Engine/Binaries/Win64/../../../Engine/Shaders/DepthOnlyPixelShader.usf" 328
"C:/Program Files (x86)/Epic Games/4.10/Engine/Binaries/Win64/../../../Engine/Shaders/DepthOnlyVertexShader.usf" 329
"C:/Program Files (x86)/Epic Games/4.10/Engine/Binaries/Win64/../../../Engine/Shaders/PositionOnlyDepthVertexShader.usf" 330
"C:/Program Files (x86)/Epic Games/4.10/Engine/Binaries/Win64/../../../Engine/Shaders/DownsampleDepthPixelShader.usf" 331
"C:/Program Files (x86)/Epic Games/4.10/Engine/Binaries/Win64/../../../Engine/Shaders/EvaluateSurfelMaterial.usf" 332
"C:/Program Files (x86)/Epic Games/4.10/Engine/Binaries/Win64/../../../Engine/Shaders/ConvertToUniformMesh.usf" 333
"C:/Program Files (x86)/Epic Games/4.10/Engine/Binaries/Win64/../../../Engine/Shaders/BasePassPixelShader.usf" 334
"C:/Program Files (x86)/Epic Games/4.10/Engine/Binaries/Win64/../../../Engine/Shaders/BasePassCommon.usf" 335
"C:/Program Files (x86)/Epic Games/4.10/Engine/Binaries/Win64/../../../Engine/Shaders/ForEachLight.usf" 336
"C:/Program Files (x86)/Epic Games/4.10/Engine/Binaries/Win64/../../../Engine/Shaders/BasePassVertexShader.usf" 337
"C:/Program Files (x86)/Epic Games/4.10/Engine/Binaries/Win64/../../../Engine/Shaders/BasePassVertexCommon.usf" 338
"C:/Program Files (x86)/Epic Games/4.10/Engine/Binaries/Win64/../../../Engine/Shaders/BasePassTessellationShaders.usf" 339
"C:/Program Files (x86)/Epic Games/4.10/Engine/Binaries/Win64/../../../Engine/Shaders/AtmospherePrecompute.usf" 340
"C:/Program Files (x86)/Epic Games/4.10/Engine/Binaries/Win64/../../../Engine/Shaders/AtmospherePrecomputeCommon.usf" 341
"C:/Program Files (x86)/Epic Games/4.10/Engine/Binaries/Win64/../../../Engine/Shaders/AtmospherePrecomputeInscatter.usf" 342
"C:/Program Files (x86)/Epic Games/4.10/Engine/Binaries/Win64/../../../Engine/Shaders/AtmosphericFogShader.usf" 343
"C:/Program Files (x86)/Epic Games/4.10/Engine/Binaries/Win64/../../../Engine/Shaders/ResolveVertexShader.usf" 344
"C:/Program Files (x86)/Epic Games/4.10/Engine/Binaries/Win64/../../../Engine/Shaders/ResolvePixelShader.usf" 345
"C:/Program Files (x86)/Epic Games/4.10/Engine/Binaries/Win64/../../../Engine/Shaders/OneColorShader.usf" 346
"C:/Program Files (x86)/Epic Games/4.10/Engine/Binaries/Win64/../../../Engine/Shaders/MediaShaders.usf" 347
"C:/Program Files (x86)/Epic Games/4.10/Engine/Binaries/Win64/../../../Engine/Shaders/ClearReplacementShaders.usf" 348
"C:/Program Files (x86)/Epic Games/4.10/Engine/Binaries/Win64/../../../Engine/Shaders/SimpleElementTexture2DPreviewPixelShader.usf" 349
"C:/Program Files (x86)/Epic Games/4.10/Engine/Binaries/Win64/../../../Engine/Shaders/SimpleElementNormalMapPixelShader.usf" 350
"C:/Program Files (x86)/Epic Games/4.10/Engine/Binaries/Win64/../../../Engine/Shaders/meshpaintdilatepixelshader.usf" 351
"C:/Program Files (x86)/Epic Games/4.10/Engine/Binaries/Win64/../../../Engine/Shaders/meshpaintdilatevertexshader.usf" 352
"C:/Program Files (x86)/Epic Games/4.10/Engine/Binaries/Win64/../../../Engine/Shaders/MeshPaintPixelShader.usf" 353
"C:/Program Files (x86)/Epic Games/4.10/Engine/Binaries/Win64/../../../Engine/Shaders/MeshPaintVertexShader.usf" 354
"../../../Engine/Config/Android/AndroidEngine.ini" 355
"../../../Engine/Config/IOS/IOSEngine.ini" 356
"../../../Engine/Config/Linux/LinuxEngine.ini" 357
"C:/Users/Jacob/AppData/Local/UnrealEngine/4.10/DerivedDataCache/Boot.ddc" 358
"../../../Engine/DerivedDataCache/Compressed.ddp" 359
"../../../Engine/Content/EngineFonts/Roboto.uasset" 360
"../../../Engine/Content/EngineMaterials/Widget3DPassThrough_Translucent.uasset" 361
"../../../Engine/Content/EngineMaterials/Widget3DPassThrough.uasset" 362
"../../../Engine/Content/Functions/Engine_MaterialFunctions02/Texturing/ScreenAlignedUVs.uasset" 363
"../../../Engine/Content/EngineResources/WhiteSquareTexture.uasset" 364
"../../../Engine/Content/Functions/Engine_MaterialFunctions01/Shading/PowerToRoughness.uasset" 365
"../../../Engine/Content/Functions/Engine_MaterialFunctions01/Shading/ConvertFromDiffSpec.uasset" 366
"../../../Engine/Content/EngineMaterials/WorldGridMaterial.uasset" 367
"../../../Engine/Content/Functions/Engine_MaterialFunctions01/Opacity/CameraDepthFade.uasset" 368
"../../../Engine/Content/EngineMaterials/T_Default_Material_Grid_M.uasset" 369
"../../../Engine/Content/EngineMaterials/T_Default_Material_Grid_N.uasset" 370
"../../../Engine/Content/EngineMaterials/DefaultDeferredDecalMaterial.uasset" 371
"../../../Engine/Content/EngineMaterials/DefaultDiffuse.uasset" 372
"../../../Engine/Content/EngineMaterials/DefaultLightFunctionMaterial.uasset" 373
"../../../Engine/Content/EngineMaterials/DefaultPostProcessMaterial.uasset" 374
"../../../Engine/Content/Functions/Engine_MaterialFunctions02/Utility/BreakOutFloat2Components.uasset" 375
"../../../Engine/Content/EngineResources/DefaultTexture.uasset" 376
"../../../Engine/Content/EngineMaterials/Widget3DPassThrough_Translucent_OneSided.uasset" 377
"../../../Engine/Content/EngineMaterials/Widget3DPassThrough_Opaque.uasset" 378
"../../../Engine/Content/EngineMaterials/Widget3DPassThrough_Opaque_OneSided.uasset" 379
"../../../Engine/Content/EngineMaterials/Widget3DPassThrough_Masked.uasset" 380
"../../../Engine/Content/EngineMaterials/Widget3DPassThrough_Masked_OneSided.uasset" 381
"../../../Engine/Content/EditorResources/S_Actor.uasset" 382
"C:/Git/VR/goodTR/Saved/Config/Windows/TemplateDefs.ini" 383
"../../../../../../Git/VR/goodTR/Intermediate/Config/CoalescedSourceConfigs/TemplateDefs.ini" 384
"C:/Git/VR/goodTR/Saved/Config/Windows/GameplayTags.ini" 385
"../../../../../../Git/VR/goodTR/Intermediate/Config/CoalescedSourceConfigs/GameplayTags.ini" 386
"../../../Engine/Content/Maps/Templates/Thumbnails/Default.uasset" 387
"../../../Engine/Content/EditorMaterials/ParticleSystems/PSysThumbnail_NoImage.uasset" 388
"../../../Engine/Content/EditorMaterials/ParticleSystems/PSysThumbnail_OOD.uasset" 389
"../../../Engine/Content/EditorLandscapeResources/DataLayer.uasset" 390
"../../../Engine/Content/EngineDamageTypes/DmgTypeBP_Environmental.uasset" 391
"..\..\..\Engine\Content\Internationalization\icudt53l\numberingSystems.res" 392
"..\..\..\Engine\Content\Internationalization\icudt53l\curr\supplementalData.res" 393
"..\..\..\Engine\Content\Internationalization\icudt53l\curr\pool.res" 394
"..\..\..\Engine\Content\Internationalization\icudt53l\curr\en.res" 395
"..\..\..\Engine\Content\Internationalization\icudt53l\curr\root.res" 396
"../../../Engine/Content/EngineMeshes/Sphere.uasset" 397
"../../../Engine/Content/EngineFonts/RobotoDistanceField.uasset" 398
"../../../Engine/Content/EngineMaterials/DefaultTextMaterialOpaque.uasset" 399
"../../../Engine/Content/EditorResources/S_Trigger.uasset" 400
"../../../Engine/Content/EngineResources/GradientTexture0.uasset" 401
"../../../Engine/Content/EngineResources/Black.uasset" 402
"../../../Engine/Content/EditorMaterials/MatineeGroups/MAT_Groups_Float.uasset" 403
"../../../Engine/Content/EditorMaterials/MatineeGroups/MAT_Groups_Director.uasset" 404
"../../../Engine/Content/EditorMaterials/MatineeGroups/MAT_Groups_Event.uasset" 405
"../../../Engine/Content/EditorMaterials/MatineeGroups/MAT_Groups_Anim.uasset" 406
"../../../Engine/Content/EditorMaterials/MatineeGroups/MAT_Groups_Fade.uasset" 407
"../../../Engine/Content/EditorMaterials/MatineeGroups/MAT_Groups_Move.uasset" 408
"../../../Engine/Content/EditorMaterials/MatineeGroups/MAT_Groups_Slomo.uasset" 409
"../../../Engine/Content/EditorMaterials/MatineeGroups/MAT_ColorTrack.uasset" 410
"../../../Engine/Content/EditorMaterials/MAT_Groups_Toggle.uasset" 411
"../../../Engine/Content/EditorMaterials/MatineeGroups/MAT_Groups_AudioMaster.uasset" 412
"../../../Engine/Content/EditorMaterials/MatineeGroups/MAT_Groups_Sound.uasset" 413
"../../../Engine/Content/EditorMaterials/MatineeGroups/MAT_Groups_Vector.uasset" 414
"../../../Engine/Content/EditorMaterials/MAT_Groups_Visibility.uasset" 415
"../../../Engine/Content/EngineResources/DefaultTextureCube.uasset" 416
"../../../Engine/Content/EngineSounds/Master.uasset" 417
"../../../Engine/Content/EngineSounds/Music.uasset" 418
"../../../Engine/Content/EngineSounds/SFX.uasset" 419
"../../../Engine/Content/EngineSounds/Normal_Attack.uasset" 420
"../../../Engine/Content/EngineSounds/Special_Attack_PSM.uasset" 421
"../../../Engine/Content/EngineSounds/Duck_Normal_Attack_MixMod.uasset" 422
"../../../Engine/Content/EngineSounds/Voice.uasset" 423
"../../../Engine/Content/EngineMeshes/Cylinder.uasset" 424
"../../../Engine/Content/EngineMaterials/DefaultMaterial.uasset" 425
"../../../Engine/Content/EngineTireTypes/DefaultTireType.uasset" 426
"../../../Engine/Content/Editor/Slate/Fonts/FontAwesome.ttf" 427
"../../../Engine/Content/Editor/Slate/Fonts/DroidSansMono.ttf" 428
"../../../Engine/Content/Editor/Slate/Fonts/Roboto-BoldCondensed.ttf" 429
"../../../Engine/Content/Editor/Slate/Fonts/Roboto-Black.ttf" 430
"../../../Engine/Content/Editor/Slate/Fonts/Roboto-Italic.ttf" 431
"../../../Engine/Content/Editor/Slate/Fonts/Roboto-BoldCondensedItalic.ttf" 432
"..\..\..\Engine\Content\Internationalization\icudt53l\coll\ucadata.icu" 433
"..\..\..\Engine\Content\Internationalization\icudt53l\nfc.nrm" 434
"..\..\..\Engine\Content\Internationalization\icudt53l\coll\en_US.res" 435
"..\..\..\Engine\Content\Internationalization\icudt53l\coll\en.res" 436
"..\..\..\Engine\Content\Internationalization\icudt53l\coll\root.res" 437
"../../../Engine/Content/EngineResources/AICON-Red.uasset" 438
"../../../Engine/Content/EngineResources/AICON-Green.uasset" 439
"../../../Engine/Content/Tutorial/Basics/LevelEditorAttract.uasset" 440
"../../../Engine/Content/Tutorial/Basics/LevelEditorOverview.uasset" 441
"../../../Engine/Content/Tutorial/Basics/TutorialAssets/icon_tab_Levels_40x.uasset" 442
"../../../Engine/Content/Tutorial/Foliage/Foliage_Intro_Tutorial.uasset" 443
"../../../Engine/Content/Tutorial/Foliage/TutorialAssets/Foliage.uasset" 444
"../../../Engine/Content/Tutorial/Landscape/Landscape_Manage_Mode.uasset" 445
"../../../Engine/Content/Tutorial/Landscape/TutorialAssets/Landscape.uasset" 446
"../../../Engine/Content/Tutorial/BlueprintTutorials/BlueprintEditorTutorial.uasset" 447
"../../../Engine/Content/Tutorial/BlueprintTutorials/TutorialAssets/Blueprint_64x.uasset" 448
"../../../Engine/Content/Tutorial/SubEditors/MaterialEditorTutorial.uasset" 449
"../../../Engine/Content/Tutorial/ContentIntroCurve.uasset" 450
"../../../Engine/Plugins/2D/Paper2D/Content/MaskedUnlitSpriteMaterial.uasset" 451
"../../../Engine/Plugins/2D/Paper2D/Content/DefaultSpriteMaterial.uasset" 452
"../../../Engine/Plugins/2D/Paper2D/Content/PlaceholderTextures/DummySpriteTexture.uasset" 453
"../../../Engine/Plugins/2D/Paper2D/Content/OpaqueUnlitSpriteMaterial.uasset" 454
"../../../Engine/Plugins/2D/Paper2D/Content/DefaultPaperTerrainMaterial.uasset" 455
"../../../Engine/Plugins/2D/Paper2D/Content/DummySprite.uasset" 456
"../../../Engine/Plugins/2D/Paper2D/Content/DummySpriteTexture.uasset" 457
"C:/Users/Jacob/AppData/Local/UnrealEngine/4.10/Saved/Config/Windows/SourceControlSettings.ini" 458
"../../../../../../Git/VR/goodTR/Intermediate/Config/CoalescedSourceConfigs/SourceControlSettings.ini" 459
"C:/Git/VR/goodTR/Saved/Config/Windows/SourceControlSettings.ini" 460
"../../../Engine/Plugins/Runtime/LeapMotionController/Content/LM_CapsuleMesh.uasset" 461
"../../../Engine/Plugins/Runtime/LeapMotionController/Content/LM_TorusMesh.uasset" 462
"../../../Engine/Plugins/Runtime/LeapMotionController/Content/LM_HandColor.uasset" 463
"../../../Engine/Plugins/Runtime/LeapMotionController/Content/LM_PassthroughMaterial.uasset" 464
"../../../Engine/Plugins/Runtime/LeapMotionController/Content/LM_SampleDistortion.uasset" 465
"../../../Engine/Plugins/Runtime/LeapMotionController/Content/LM_TestTexture.uasset" 466
"../../../Engine/Content/BasicShapes/Cube.uasset" 467
"../../../Engine/Content/EngineMaterials/RemoveSurfaceMaterial.uasset" 468
"../../../Engine/Content/EngineDebugMaterials/DebugMeshMaterial.uasset" 469
"../../../Engine/Content/EngineMaterials/M_InvalidLightmapSettings.uasset" 470
"../../../Engine/Content/EngineMaterials/InvalidLightmapSettings.uasset" 471
"../../../Engine/Content/EditorMaterials/GizmoMaterial.uasset" 472
"../../../Engine/Content/EngineMaterials/Good64x64TilingNoiseHighFreq.uasset" 473
"../../../Engine/Content/EngineMaterials/DefaultBokeh.uasset" 474
"../../../Engine/Content/EngineMaterials/PreintegratedSkinBRDF.uasset" 475
"../../../Engine/Content/EngineMaterials/MiniFont.uasset" 476
"../../../Engine/Content/EngineMaterials/WeightMapPlaceholderTexture.uasset" 477
"../../../Engine/Content/EngineMaterials/DefaultWhiteGrid.uasset" 478
"../../../Engine/Content/EngineMaterials/DefaultPhysicalMaterial.uasset" 479
"../../../Engine/Content/EngineFonts/RobotoTiny.uasset" 480
"../../../../../../Git/VR/goodTR/Intermediate/CachedAssetRegistry.bin" 481
"../../../../../../Git/VR/goodTR/Content/TR/Blueprints/TR_PlayerController.uasset" 482
"../../../../../../Git/VR/goodTR/Content/TR/Maps/TR_LEVEL.umap" 483
"../../../Engine/Config/HTML5/HTML5Engine.ini" 484
"../../../Engine/Content/MobileResources/HUD/VirtualJoystick_Thumb.uasset" 485
"../../../../../../Git/VR/goodTR/Content/TR/Blueprints/TR_GameMode.uasset" 486
"../../../../../../Git/VR/goodTR/Content/TR/Blueprints/TR_GameStatus.uasset" 487
"../../../Engine/Content/EngineMaterials/DefaultTextMaterialTranslucent.uasset" 488
"../../../../../../Git/VR/goodTR/Content/TR/Blueprints/TR_PlayerCharacter.uasset" 489
"../../../../../../Git/VR/goodTR/Content/FirstPerson/Animations/FirstPerson_AnimBP.uasset" 490
"../../../../../../Git/VR/goodTR/Content/FirstPerson/Animations/FirstPerson_Idle.uasset" 491
"../../../../../../Git/VR/goodTR/Content/FirstPerson/Character/Mesh/SK_Mannequin_Arms_Skeleton.uasset" 492
"../../../../../../Git/VR/goodTR/Content/FirstPerson/Animations/FirstPerson_JumpEnd.uasset" 493
"../../../../../../Git/VR/goodTR/Content/FirstPerson/Animations/FirstPerson_JumpLoop.uasset" 494
"../../../../../../Git/VR/goodTR/Content/FirstPerson/Animations/FirstPerson_JumpStart.uasset" 495
"../../../../../../Git/VR/goodTR/Content/FirstPerson/Animations/FirstPerson_Run.uasset" 496
"../../../Engine/Content/EditorBlueprintResources/StandardMacros.uasset" 497
"../../../../../../Git/VR/goodTR/Content/FirstPerson/Animations/FirstPersonFire_Montage.uasset" 498
"../../../../../../Git/VR/goodTR/Content/FirstPerson/Animations/FirstPerson_Fire.uasset" 499
"../../../../../../Git/VR/goodTR/Content/TR/Blueprints/TR_Projectile.uasset" 500
"../../../../../../Git/VR/goodTR/Content/FirstPerson/FPWeapon/Mesh/SK_FPGun.uasset" 501
"../../../../../../Git/VR/goodTR/Content/FirstPerson/FPWeapon/Materials/M_FPGun.uasset" 502
"../../../Engine/Content/Functions/Engine_MaterialFunctions02/Utility/BlendAngleCorrectedNormals.uasset" 503
"../../../Engine/Content/Functions/MaterialLayerFunctions/MatLayerBlend_NormalBlend.uasset" 504
"../../../Engine/Content/Functions/MaterialLayerFunctions/MatLayerBlend_Simple.uasset" 505
"../../../../../../Git/VR/goodTR/Content/FirstPerson/FPWeapon/Materials/MaterialLayers/ML_GlossyBlack_Latex_UE4.uasset" 506
"../../../../../../Git/VR/goodTR/Content/FirstPerson/FPWeapon/Materials/MaterialLayers/T_ML_Rubber_Blue_01_D.uasset" 507
"../../../../../../Git/VR/goodTR/Content/FirstPerson/FPWeapon/Materials/MaterialLayers/T_ML_Rubber_Blue_01_N.uasset" 508
"../../../../../../Git/VR/goodTR/Content/FirstPerson/FPWeapon/Materials/MaterialLayers/ML_Plastic_Shiny_Beige.uasset" 509
"../../../../../../Git/VR/goodTR/Content/FirstPerson/FPWeapon/Materials/MaterialLayers/ML_Screen.uasset" 510
"../../../../../../Git/VR/goodTR/Content/FirstPerson/FPWeapon/Materials/MaterialLayers/ML_SoftMetal_UE4.uasset" 511
"../../../../../../Git/VR/goodTR/Content/FirstPerson/FPWeapon/Materials/MaterialLayers/T_ML_Aluminum01.uasset" 512
"../../../../../../Git/VR/goodTR/Content/FirstPerson/FPWeapon/Materials/MaterialLayers/T_ML_Aluminum01_N.uasset" 513
"../../../../../../Git/VR/goodTR/Content/FirstPerson/FPWeapon/Textures/T_FPGun_M.uasset" 514
"../../../../../../Git/VR/goodTR/Content/FirstPerson/FPWeapon/Textures/T_FPGun_N.uasset" 515
"../../../../../../Git/VR/goodTR/Content/FirstPerson/FPWeapon/Mesh/SK_FPGun_Skeleton.uasset" 516
"../../../../../../Git/VR/goodTR/Content/FirstPerson/Character/Mesh/SK_Mannequin_Arms.uasset" 517
"../../../../../../Git/VR/goodTR/Content/FirstPerson/Character/Materials/M_UE4Man_Body.uasset" 518
"../../../../../../Git/VR/goodTR/Content/FirstPerson/Character/Materials/MaterialLayers/ML_GlossyBlack_Latex_UE4.uasset" 519
"../../../../../../Git/VR/goodTR/Content/FirstPerson/Character/Materials/MaterialLayers/T_ML_Rubber_Blue_01_D.uasset" 520
"../../../../../../Git/VR/goodTR/Content/FirstPerson/Character/Materials/MaterialLayers/T_ML_Rubber_Blue_01_N.uasset" 521
"../../../../../../Git/VR/goodTR/Content/FirstPerson/Character/Materials/MaterialLayers/ML_Plastic_Shiny_Beige.uasset" 522
"../../../../../../Git/VR/goodTR/Content/FirstPerson/Character/Materials/MaterialLayers/ML_Plastic_Shiny_Beige_LOGO.uasset" 523
"../../../../../../Git/VR/goodTR/Content/FirstPerson/Character/Textures/UE4_LOGO_CARD.uasset" 524
"../../../../../../Git/VR/goodTR/Content/FirstPerson/Character/Materials/MaterialLayers/ML_SoftMetal_UE4.uasset" 525
"../../../../../../Git/VR/goodTR/Content/FirstPerson/Character/Materials/MaterialLayers/T_ML_Aluminum01.uasset" 526
"../../../../../../Git/VR/goodTR/Content/FirstPerson/Character/Materials/MaterialLayers/T_ML_Aluminum01_N.uasset" 527
"../../../../../../Git/VR/goodTR/Content/FirstPerson/Character/Textures/UE4_Mannequin__normals.uasset" 528
"../../../../../../Git/VR/goodTR/Content/FirstPerson/Character/Textures/UE4_Mannequin_MAT_MASKA.uasset" 529
"../../../../../../Git/VR/goodTR/Content/FirstPerson/Character/Mesh/SK_Mannequin_Arms_PhysicsAsset.uasset" 530
"../../../../../../Git/VR/goodTR/Content/FirstPerson/Meshes/FirstPersonProjectileMesh.uasset" 531
"../../../../../../Git/VR/goodTR/Content/FirstPerson/Meshes/FirstPersonProjectileMaterial.uasset" 532
"../../../../../../Git/VR/goodTR/Content/FirstPerson/Meshes/BaseMaterial.uasset" 533
"../../../../../../Git/VR/goodTR/Content/TR/Blueprints/TR_PlayerState.uasset" 534
"../../../../../../Git/VR/goodTR/Content/FirstPerson/Audio/FirstPersonTemplateWeaponFire02.uasset" 535
"../../../../../../Git/VR/goodTR/Content/TR/Blueprints/Devo_-_Whip_It_Video__Cue.uasset" 536
"../../../../../../Git/VR/goodTR/Content/TR/Blueprints/Tron_Cue.uasset" 537
"../../../../../../Git/VR/goodTR/Content/TR/Blueprints/Turbo_Cue.uasset" 538
"../../../../../../Git/VR/goodTR/Content/TR/Blueprints/TR_PlayerHUD.uasset" 539
"../../../../../../Git/VR/goodTR/Content/FirstPerson/Textures/FirstPersonCrosshair.uasset" 540
"../../../../../../Git/VR/goodTR/Content/TR/Blueprints/Devo_-_Whip_It_Video_.uasset" 541
"../../../../../../Git/VR/goodTR/Content/TR/Blueprints/Turbo.uasset" 542
"../../../../../../Git/VR/goodTR/Content/TR/Blueprints/Tron.uasset" 543
"C:/Users/Jacob/AppData/Local/UnrealEngine/Common/DerivedDataCache/3/6/6/PHYSX_1D9C17C451EA4FB88CB7A27536A65DB0_PHYSXPC_C418824E4EA51B7ABCD164BCEEBBFBB__02FD0742DF20FAEDB6B6FB9500594A1EDA8BE59C.udd" 544
"C:/Users/Jacob/AppData/Local/UnrealEngine/Common/DerivedDataCache/8/1/6/NAVCOLLISION_B89838347A4348138EE337A847529C5C_NAVCOLLISION_X_C418824E4EA51B7AB__369545BFB03A089F176AE1871AF20CCFA46A288B.udd" 545
"C:/Users/Jacob/AppData/Local/UnrealEngine/Common/DerivedDataCache/5/0/6/AUDIO_0002_0000_OGG_0001_DF0950414A9E93808381A481761CBD95.udd" 546
"C:/Users/Jacob/AppData/Local/UnrealEngine/Common/DerivedDataCache/6/3/9/AUDIO_0002_0000_OGG_0001_DFA6C0AD45F69A252B9D3380FDC8560B.udd" 547
"C:/Users/Jacob/AppData/Local/UnrealEngine/Common/DerivedDataCache/7/4/7/AUDIO_0002_0000_OGG_0001_021C2E534BA0A8C78C4531B5C0C73722.udd" 548
"../../../Engine/Content/EditorResources/BSPVertex.uasset" 549
"../../../Engine/Content/EngineDebugMaterials/GeomMaterial.uasset" 550
"../../../Engine/Content/EngineDebugMaterials/BoneWeightMaterial.uasset" 551
"../../../Engine/Content/EngineDebugMaterials/HeatmapGradient.uasset" 552
"../../../Engine/Content/EditorMaterials/PhAT_JointLimitMaterial.uasset" 553
"../../../Engine/Content/EditorMaterials/PreviewShadowIndicatorMaterial.uasset" 554
"../../../Engine/Content/EditorMaterials/PreviewShadowIndicator.uasset" 555
"../../../Engine/Content/EngineMaterials/EditorBrushMaterial.uasset" 556
"../../../Engine/Content/MobileResources/HUD/DefaultVirtualJoysticks.uasset" 557
"../../../Engine/Content/MobileResources/HUD/VirtualJoystick_Background.uasset" 558
"../../../Engine/Content/Tutorial/SubEditors/TutorialAssets/icon_Editor_Preferences_General_40x.uasset" 559
"../../../Engine/Content/Tutorial/Paper2D/TutorialAssets/Paper2DSprite_TutorialIcon.uasset" 560
"../../../Engine/Content/Tutorial/SubEditors/TutorialAssets/icon_ShowSkeletalMeshes_40x.uasset" 561
"../../../Engine/Content/Tutorial/SubEditors/StaticMeshEditorTutorial.uasset" 562
"../../../Engine/Content/EngineMeshes/Cube.uasset" 563
"../../../Engine/Content/Tutorial/BlueprintTutorials/BlueprintMacroLibrariesEditorOverview.uasset" 564
"../../../Engine/Content/Tutorial/BlueprintTutorials/TutorialAssets/BlueprintMacroLibrary_64x.uasset" 565
"../../../Engine/Content/Tutorial/BlueprintTutorials/TutorialAssets/Tutorial_BP_MacroLib.uasset" 566
"../../../Engine/Content/Tutorial/BlueprintTutorials/BlueprintInterfacesEditorOverview.uasset" 567
"../../../Engine/Content/Tutorial/BlueprintTutorials/TutorialAssets/BlueprintInterface_64x.uasset" 568
"../../../Engine/Content/Tutorial/BlueprintTutorials/TutorialAssets/Tutorial_BP_Interface.uasset" 569
"../../../Engine/Content/Tutorial/BlueprintTutorials/LevelBlueprintEditorOverview.uasset" 570
"../../../Engine/Content/Tutorial/SubEditors/DestructibleMeshEditorTutorial.uasset" 571
"../../../Engine/Content/Tutorial/SubEditors/TutorialAssets/Tutorial_DM.uasset" 572
"../../../Engine/Content/EditorMeshes/EditorCube.uasset" 573
"../../../Engine/Content/Tutorial/SubEditors/ParticleSystemEditorTutorial.uasset" 574
"../../../Engine/Content/Tutorial/SubEditors/TutorialAssets/TutorialParticleSystem.uasset" 575
"../../../Engine/Content/Tutorial/SubEditors/TutorialAssets/M_smoke_subUV_blackbody.uasset" 576
"../../../Engine/Content/Tutorial/SubEditors/TutorialAssets/T_SmokeSubUV_8X8.uasset" 577
"../../../Engine/Content/Tutorial/SubEditors/TutorialAssets/T_soft_smoke.uasset" 578
"../../../Engine/Content/Tutorial/SubEditors/PersonaAnimEditorWalkThrough.uasset" 579
"../../../Engine/Content/Tutorial/SubEditors/TutorialAssets/Character/NewBlendSpace1D.uasset" 580
"../../../Engine/Content/Tutorial/SubEditors/TutorialAssets/Character/Tutorial_Idle.uasset" 581
"../../../Engine/Content/Tutorial/SubEditors/TutorialAssets/Character/TutorialTPP_Skeleton.uasset" 582
"../../../Engine/Content/Tutorial/SubEditors/TutorialAssets/Character/Tutorial_Walk_Fwd.uasset" 583
"../../../Engine/Content/Tutorial/SubEditors/TutorialAssets/Character/TutorialTPP.uasset" 584
"../../../Engine/Content/Tutorial/SubEditors/TutorialAssets/Character/TutorialTPP_Mat.uasset" 585
"../../../Engine/Content/Tutorial/SubEditors/TutorialAssets/Character/TutorialTPP_PhysicsAsset.uasset" 586
"../../../Engine/Content/Tutorial/SubEditors/PersonaAnimBlueprintEditorWalkthrough.uasset" 587
"../../../Engine/Content/Tutorial/SubEditors/TutorialAssets/Character/TutorialTPP_AnimBlueprint.uasset" 588
"../../../Engine/Content/Tutorial/SubEditors/TutorialAssets/Character/TutorialCharacter.uasset" 589
"../../../Engine/Content/Tutorial/Paper2D/SpriteEditorTutorial.uasset" 590
"../../../Engine/Content/Tutorial/Paper2D/FlipbookEditorTutorial.uasset" 591
"../../../Engine/Content/Tutorial/Paper2D/TutorialAssets/Paper2DFlipbook_TutorialIcon.uasset" 592
"../../../Engine/Content/Tutorial/Foliage/Foliage_Using_The_Tool_Tutorial.uasset" 593
"../../../Engine/Content/Tutorial/Foliage/Foliage_Settings_Tutorial.uasset" 594
"../../../Engine/Content/Tutorial/Landscape/Landscape_Sculpt_Mode.uasset" 595
"../../../Engine/Content/Tutorial/Landscape/Landscape_Painting_Mode.uasset" 596
"../../../Engine/Content/Tutorial/SubEditors/TutorialAssets/TutorialMaterial.uasset" 597
"../../../Engine/Content/MobileResources/HUD/MobileHUDDirectionStick.uasset" 598
"../../../Engine/Content/MobileResources/HUD/MobileHUDButton2_off.uasset" 599
"../../../../../../Git/VR/goodTR/Content/TR/Blueprints/TR_Music.uasset" 600
"../../../../../../Git/VR/goodTR/Content/Geometry/Meshes/TemplateFloor.uasset" 601
"../../../../../../Git/VR/goodTR/Content/Geometry/Meshes/CubeMaterial.uasset" 602
"C:/Users/Jacob/AppData/Local/UnrealEngine/Common/DerivedDataCache/1/1/2/MATSM_984AFA3849534FAA8491540B994BD32E_PCD3D_SM5_3__BC5N_DEV_SL_NODBUF85921CDA__08320E2CCCF3E1A6BD2A60D47EC39CFF71B9B985.udd" 603
"C:/Users/Jacob/AppData/Local/UnrealEngine/Common/DerivedDataCache/8/2/9/MATSM_984AFA3849534FAA8491540B994BD32E_PCD3D_SM4_3__BC5N_DEV_SL_NODBUF85921CDA__A4CBC17B7BB1665CA61DC05A7A4A69F30D71AA6A.udd" 604
"../../../../../../Git/VR/goodTR/Content/TR/Blueprints/TR_Floor.uasset" 605
"../../../Engine/Content/MobileResources/T_MobileMenu2.uasset" 606
"../../../Engine/Content/MobileResources/HUD/MobileHUDButton2_on.uasset" 607
"../../../../../../Git/VR/goodTR/Content/TR/Blueprints/TR_StartGame.uasset" 608
"../../../Engine/Content/MobileResources/HUD/T_Castle_ThumbstickOutter.uasset" 609
"../../../Engine/Content/MobileResources/HUD/MobileHUDDirectionPad.uasset" 610
"../../../Engine/Content/MobileResources/HUD/MobileHUDButtonFire.uasset" 611
"../../../Engine/Content/MobileResources/T_MobileControls_texture.uasset" 612
"../../../Engine/Content/MobileResources/HUD/MobileHUDDirectionPad3.uasset" 613
"../../../Engine/Content/MobileResources/HUD/T_Castle_ThumbstickInner.uasset" 614
"../../../Engine/Content/MobileResources/HUD/MobileHUDButton1_on.uasset" 615
"../../../Engine/Content/EngineSky/BP_Sky_Sphere.uasset" 616
"../../../Engine/Content/EngineSky/C_Sky_Cloud_Color.uasset" 617
"../../../Engine/Content/EngineSky/C_Sky_Horizon_Color.uasset" 618
"../../../Engine/Content/EngineSky/C_Sky_Zenith_Color.uasset" 619
"../../../Engine/Content/EngineSky/M_Sky_Panning_Clouds2.uasset" 620
"../../../Engine/Content/EngineSky/T_Sky_Blue.uasset" 621
"../../../Engine/Content/EngineSky/T_Sky_Clouds_M.uasset" 622
"../../../Engine/Content/EngineSky/T_Sky_Stars.uasset" 623
"../../../Engine/Content/EngineSky/SM_SkySphere.uasset" 624
"../../../Engine/Content/BasicShapes/BasicShapeMaterial.uasset" 625
"../../../Engine/Content/BasicShapes/Cone.uasset" 626
"../../../Engine/Content/BasicShapes/Cylinder.uasset" 627
"C:/Users/Jacob/AppData/Local/UnrealEngine/Common/DerivedDataCache/1/1/2/PHYSX_1D9C17C451EA4FB88CB7A27536A65DB0_PHYSXPC_F196C3914751BA67F68C14ADB3FD5984__1_0_13123_0.udd" 628
"C:/Users/Jacob/AppData/Local/UnrealEngine/Common/DerivedDataCache/1/6/3/TEXTURE_814DCC3DC72143F49509781513CB9855_AUTODXT_335A1E664F278D78B1D416905DD65__28B18CB3B0FAF010DCDB4AEBF19A4442F66924C5.udd" 629
"C:/Users/Jacob/AppData/Local/UnrealEngine/Common/DerivedDataCache/7/2/6/TEXTURE_814DCC3DC72143F49509781513CB9855_AUTODXT_CB1ECFD24F5212C4763EB88F2E5CD__C0FCBEDF80E2982853A213F69D7FB1785F6EF7A8.udd" 630
"C:/Users/Jacob/AppData/Local/UnrealEngine/Common/DerivedDataCache/7/4/9/TEXTURE_814DCC3DC72143F49509781513CB9855_AUTODXT_E60DD6EC47455DCD5BD05AB10B723__B73D6B4D1F87AF6EB7555649A695FB32408046FC.udd" 631
"C:/Users/Jacob/AppData/Local/UnrealEngine/Common/DerivedDataCache/2/5/9/TEXTURE_814DCC3DC72143F49509781513CB9855_AUTODXT_EC99DD4743328C5C0FADF28EB4B11__B8C871C244E4BEDABFB6B2FB76400426AF0E1D0B.udd" 632
"C:/Users/Jacob/AppData/Local/UnrealEngine/Common/DerivedDataCache/3/9/1/TEXTURE_814DCC3DC72143F49509781513CB9855_AUTODXT_335A1E664F278D78B1D416905DD65__0012AEADB7942CB488592F11700DA83B566CB0E4.udd" 633
"C:/Users/Jacob/AppData/Local/UnrealEngine/Common/DerivedDataCache/4/6/4/TEXTURE_814DCC3DC72143F49509781513CB9855_AUTODXT_E60DD6EC47455DCD5BD05AB10B723__1301584C54F1ACA14193E6DF3FD0DC8CDA75478A.udd" 634
"C:/Users/Jacob/AppData/Local/UnrealEngine/Common/DerivedDataCache/7/2/9/TEXTURE_814DCC3DC72143F49509781513CB9855_AUTODXT_EC99DD4743328C5C0FADF28EB4B11__CFF8F204174806B6DF8809AB10FA397846B09F33.udd" 635
"C:/Users/Jacob/AppData/Local/UnrealEngine/Common/DerivedDataCache/2/1/8/TEXTURE_814DCC3DC72143F49509781513CB9855_AUTODXT_FE7C45EA4F97A8FA2EE8839CB93D3__8BA6CBAF43F77E12E8532D52A591F0041D84B1E4.udd" 636
"C:/Users/Jacob/AppData/Local/UnrealEngine/Common/DerivedDataCache/0/4/0/TEXTURE_814DCC3DC72143F49509781513CB9855_AUTODXT_E60DD6EC47455DCD5BD05AB10B723__489B8247A961D39751CD3C91720EA14DBA4AC38F.udd" 637
"C:/Users/Jacob/AppData/Local/UnrealEngine/Common/DerivedDataCache/6/2/9/TEXTURE_814DCC3DC72143F49509781513CB9855_AUTODXT_FE7C45EA4F97A8FA2EE8839CB93D3__A01D0796C96749891A7111279D0D37AA9D2A43FC.udd" 638
"C:/Users/Jacob/AppData/Local/UnrealEngine/Common/DerivedDataCache/8/3/2/TEXTURE_814DCC3DC72143F49509781513CB9855_AUTODXT_E694F0DE47C18E42A92F02AC31C8A__9802E0F20DD1E0F11354ED84883C50E93B2C3B27.udd" 639
"C:/Users/Jacob/AppData/Local/UnrealEngine/Common/DerivedDataCache/7/2/2/TEXTURE_814DCC3DC72143F49509781513CB9855_AUTODXT_4DC93A4D4F87EDEDBDCF639068015__DCA76D8ED66B943E5A22644102EC01DD74D94CBF.udd" 640
"C:/Users/Jacob/AppData/Local/UnrealEngine/Common/DerivedDataCache/7/5/9/TEXTURE_814DCC3DC72143F49509781513CB9855_AUTODXT_12F205F54A7A4DB2D2AB68BD23F01__4A2CD992EF1A2132EEC7F4B126384D375794F69D.udd" 641
"C:/Users/Jacob/AppData/Local/UnrealEngine/Common/DerivedDataCache/5/2/5/TEXTURE_814DCC3DC72143F49509781513CB9855_AUTODXT_E694F0DE47C18E42A92F02AC31C8A__B3B7D324B2024F2CF4208B14549449798BD63B40.udd" 642
"C:/Users/Jacob/AppData/Local/UnrealEngine/Common/DerivedDataCache/3/3/0/TEXTURE_814DCC3DC72143F49509781513CB9855_AUTODXT_4DC93A4D4F87EDEDBDCF639068015__B7FEE2F218BDE92308A78EC43DD13BB7200ABCEA.udd" 643
"C:/Users/Jacob/AppData/Local/UnrealEngine/Common/DerivedDataCache/2/9/8/TEXTURE_814DCC3DC72143F49509781513CB9855_AUTODXT_12F205F54A7A4DB2D2AB68BD23F01__6C435C85C64CE068E22778B89D4F949BDCEF6A51.udd" 644
"C:/Users/Jacob/AppData/Local/UnrealEngine/Common/DerivedDataCache/9/8/2/TEXTURE_814DCC3DC72143F49509781513CB9855_AUTODXT_C4313028443BD7AC456863B4040E3__0952F9F8991472C934B02BD44587BE831E4542E2.udd" 645
"C:/Users/Jacob/AppData/Local/UnrealEngine/Common/DerivedDataCache/6/4/4/TEXTURE_814DCC3DC72143F49509781513CB9855_AUTODXT_4DC93A4D4F87EDEDBDCF639068015__7CE43A7372F3F5D07DCD7844F9B3756072F9FF68.udd" 646
"C:/Users/Jacob/AppData/Local/UnrealEngine/Common/DerivedDataCache/2/5/2/TEXTURE_814DCC3DC72143F49509781513CB9855_AUTODXT_12F205F54A7A4DB2D2AB68BD23F01__0E5126BB6E9642886D498EABA46210E569480A50.udd" 647
"C:/Users/Jacob/AppData/Local/UnrealEngine/Common/DerivedDataCache/3/1/5/TEXTURE_814DCC3DC72143F49509781513CB9855_AUTODXT_C4313028443BD7AC456863B4040E3__D74BDB3C566EE0649215BFAADF274AE577E23EEE.udd" 648
"C:/Users/Jacob/AppData/Local/UnrealEngine/Common/DerivedDataCache/6/2/7/TEXTURE_814DCC3DC72143F49509781513CB9855_AUTODXT_CE339D0D40F39C3ABCB429AF56906__24473F761265DE1BE06EF0F24ED85B86F1035014.udd" 649
"C:/Users/Jacob/AppData/Local/UnrealEngine/Common/DerivedDataCache/2/9/1/TEXTURE_814DCC3DC72143F49509781513CB9855_AUTODXT_4AD38E9C4EB2599C49DF9C827AE5E__28A197B992ED020563A5FC3E476410EDDA13240D.udd" 650
"C:/Users/Jacob/AppData/Local/UnrealEngine/Common/DerivedDataCache/2/8/6/TEXTURE_814DCC3DC72143F49509781513CB9855_AUTODXT_E427B1214445A97871A3C5AE10E37__1B0AAB232FB641227B224764776B7AACE442D189.udd" 651
"C:/Users/Jacob/AppData/Local/UnrealEngine/Common/DerivedDataCache/8/0/8/TEXTURE_814DCC3DC72143F49509781513CB9855_AUTODXT_99C7B4BA4C4CD526F46CA69F2AF18__216F5EA880668832940C9047E2CA4D185A255D54.udd" 652
"C:/Users/Jacob/AppData/Local/UnrealEngine/Common/DerivedDataCache/3/6/9/TEXTURE_814DCC3DC72143F49509781513CB9855_AUTODXT_4AD38E9C4EB2599C49DF9C827AE5E__3A05E5B73EEC061FC398F145FD955E92717CD883.udd" 653
"C:/Users/Jacob/AppData/Local/UnrealEngine/Common/DerivedDataCache/3/7/0/TEXTURE_814DCC3DC72143F49509781513CB9855_AUTODXT_99C7B4BA4C4CD526F46CA69F2AF18__427CBE610D8B932AC1ECE3B4D3D2AC350DB35B8D.udd" 654
"C:/Users/Jacob/AppData/Local/UnrealEngine/Common/DerivedDataCache/9/6/4/TEXTURE_814DCC3DC72143F49509781513CB9855_AUTODXT_E427B1214445A97871A3C5AE10E37__698BB7B1BAD8CDB0F5D18EC140ECF28A22E23BDE.udd" 655
"C:/Users/Jacob/AppData/Local/UnrealEngine/Common/DerivedDataCache/7/0/7/TEXTURE_814DCC3DC72143F49509781513CB9855_AUTODXT_99C7B4BA4C4CD526F46CA69F2AF18__75AAE17E784FE27795FBFEFA6C3B492EA762A2EF.udd" 656
"C:/Users/Jacob/AppData/Local/UnrealEngine/Common/DerivedDataCache/5/6/3/TEXTURE_814DCC3DC72143F49509781513CB9855_AUTODXT_E427B1214445A97871A3C5AE10E37__2CB2961800C1108BBD5C9F67781FBE74698612DC.udd" 657
"C:/Users/Jacob/AppData/Local/UnrealEngine/Common/DerivedDataCache/2/5/4/TEXTURE_814DCC3DC72143F49509781513CB9855_AUTODXT_055D95CB49EFF74F3DA589AC14F6F__07158AA43CD7AA5367A99BFA70728DFFBA7BE7F7.udd" 658
"C:/Users/Jacob/AppData/Local/UnrealEngine/Common/DerivedDataCache/3/9/6/TEXTURE_814DCC3DC72143F49509781513CB9855_AUTODXT_DFD007BA48670CB9F2C67AA2A2068__D20EF793D4FA53A32ECF4178EA861171D43B4066.udd" 659
"C:/Users/Jacob/AppData/Local/UnrealEngine/Common/DerivedDataCache/1/6/6/TEXTURE_814DCC3DC72143F49509781513CB9855_AUTODXT_055D95CB49EFF74F3DA589AC14F6F__E5BADD937C1A4022CB15B7EE24FD17B63D8424FC.udd" 660
"C:/Users/Jacob/AppData/Local/UnrealEngine/Common/DerivedDataCache/4/2/6/TEXTURE_814DCC3DC72143F49509781513CB9855_AUTODXT_AE218AA74BE56BD33042F5A3BAD87__D56D5D44263FFBDD5C761A1A03424C88973708AA.udd" 661
"C:/Users/Jacob/AppData/Local/UnrealEngine/Common/DerivedDataCache/0/5/0/TEXTURE_814DCC3DC72143F49509781513CB9855_AUTODXT_DFD007BA48670CB9F2C67AA2A2068__3F70C6E5D4C0F04B6EBB9B59DCCF562D4463C53A.udd" 662
"C:/Users/Jacob/AppData/Local/UnrealEngine/Common/DerivedDataCache/3/1/9/TEXTURE_814DCC3DC72143F49509781513CB9855_AUTODXT_AE218AA74BE56BD33042F5A3BAD87__F273641E869DC1EBDEE9EBA5F6835ABF251B9325.udd" 663
"C:/Users/Jacob/AppData/Local/UnrealEngine/Common/DerivedDataCache/3/6/6/TEXTURE_814DCC3DC72143F49509781513CB9855_AUTODXT_DFD007BA48670CB9F2C67AA2A2068__4A4271391995068CA45A7F07ECB4D1C290B495CD.udd" 664
"C:/Users/Jacob/AppData/Local/UnrealEngine/Common/DerivedDataCache/4/4/4/TEXTURE_814DCC3DC72143F49509781513CB9855_DXT1_F84443E4422BBA14D661A2870B58B7C2__9CCF2B06CC351511C4815B7807F98F89C6B0DCE2.udd" 665
"C:/Users/Jacob/AppData/Local/UnrealEngine/Common/DerivedDataCache/9/5/0/TEXTURE_814DCC3DC72143F49509781513CB9855_DXT1_A39928EF4FABF50D14A093AE27EA0086__759BE2C2C821055C968D51BC254460E8763FB222.udd" 666
"C:/Users/Jacob/AppData/Local/UnrealEngine/Common/DerivedDataCache/0/0/6/TEXTURE_814DCC3DC72143F49509781513CB9855_DXT1_F84443E4422BBA14D661A2870B58B7C2__BDA9283658702C00C0C3B4BD1B046F823B34C2B6.udd" 667
"C:/Users/Jacob/AppData/Local/UnrealEngine/Common/DerivedDataCache/1/2/5/TEXTURE_814DCC3DC72143F49509781513CB9855_DXT1_28894B8D44F4479CBE1F139BFAC132BF__D95FCDFB42C5A3502E89C023F6D9CE4DC84CAE69.udd" 668
"C:/Users/Jacob/AppData/Local/UnrealEngine/Common/DerivedDataCache/1/5/1/TEXTURE_814DCC3DC72143F49509781513CB9855_DXT1_28894B8D44F4479CBE1F139BFAC132BF__C62B96B7F9BAFDD95BE4D562AFAFAF85B682FCF7.udd" 669
"C:/Users/Jacob/AppData/Local/UnrealEngine/Common/DerivedDataCache/3/2/8/TEXTURE_814DCC3DC72143F49509781513CB9855_AUTODXT_4AD38E9C4EB2599C49DF9C827AE5E__70F3D2B593C7FC875DAB3F70D47D18607CC9870E.udd" 670
"C:/Users/Jacob/AppData/Local/UnrealEngine/Common/DerivedDataCache/4/7/6/TEXTURE_814DCC3DC72143F49509781513CB9855_DXT1_28894B8D44F4479CBE1F139BFAC132BF__D957BEB45D343B08CBEE45175EA45C144B8AC914.udd" 671
"C:/Users/Jacob/AppData/Local/UnrealEngine/Common/DerivedDataCache/7/4/9/TEXTURE_814DCC3DC72143F49509781513CB9855_AUTODXT_4AD38E9C4EB2599C49DF9C827AE5E__36EF460865A9BD714E2B765DCE8FEFDF3158C999.udd" 672
"C:/Users/Jacob/AppData/Local/UnrealEngine/Common/DerivedDataCache/7/5/2/TEXTURE_814DCC3DC72143F49509781513CB9855_AUTODXT_4AD38E9C4EB2599C49DF9C827AE5E__E8D4631F00333D824B09AF958D1BC424D5A8C39E.udd" 673
"C:/Users/Jacob/AppData/Local/UnrealEngine/Common/DerivedDataCache/5/3/0/TEXTURE_814DCC3DC72143F49509781513CB9855_DXT1_BEC2B2AF4F37E98F610A8CB2DB5BE82E__4E3FF7DA383AB27EA685E3516B34576AC88078B1.udd" 674
"C:/Users/Jacob/AppData/Local/UnrealEngine/Common/DerivedDataCache/8/2/9/TEXTURE_814DCC3DC72143F49509781513CB9855_DXT1_AB630CBB4E5DD0279B618F84FA479966__BF291965CDBC426722FDF7E40BA89B861D998BFA.udd" 675
"C:/Users/Jacob/AppData/Local/UnrealEngine/Common/DerivedDataCache/2/9/0/TEXTURE_814DCC3DC72143F49509781513CB9855_DXT1_B97A9E1E46CB5B42EF2418B5DE485037__850A5BCD6FAD4D3EA62F2D19BB534DDD6764519C.udd" 676
"C:/Users/Jacob/AppData/Local/UnrealEngine/Common/DerivedDataCache/3/5/1/TEXTURE_814DCC3DC72143F49509781513CB9855_DXT1_BEC2B2AF4F37E98F610A8CB2DB5BE82E__2C686F7E0979DF996381EFFE5726F0EDDA9F6834.udd" 677
"C:/Users/Jacob/AppData/Local/UnrealEngine/Common/DerivedDataCache/6/4/6/TEXTURE_814DCC3DC72143F49509781513CB9855_DXT1_B97A9E1E46CB5B42EF2418B5DE485037__1799E79CB2DB03E8F59E0E1448FA52C561F1611F.udd" 678
"C:/Users/Jacob/AppData/Local/UnrealEngine/Common/DerivedDataCache/6/6/0/TEXTURE_814DCC3DC72143F49509781513CB9855_DXT1_AB630CBB4E5DD0279B618F84FA479966__79CD30DD432C8A40228A391428768BE77AF1BF94.udd" 679
"C:/Users/Jacob/AppData/Local/UnrealEngine/Common/DerivedDataCache/8/9/8/TEXTURE_814DCC3DC72143F49509781513CB9855_DXT1_EC7A2F284AB3B56C3396F587ADFB9953__B5543336B0365B55A7515E9067042A0FE0334603.udd" 680
"C:/Users/Jacob/AppData/Local/UnrealEngine/Common/DerivedDataCache/2/9/2/TEXTURE_814DCC3DC72143F49509781513CB9855_DXT1_EC7A2F284AB3B56C3396F587ADFB9953__89D929249BAB941839F719370E7655E88C523C2B.udd" 681
"C:/Users/Jacob/AppData/Local/UnrealEngine/Common/DerivedDataCache/0/2/3/TEXTURE_814DCC3DC72143F49509781513CB9855_DXT1_9EF934DF426875C50AAF6CACB181DEA4__FE35CC3D4F9D10DCAF117C0C32033FC157B4B037.udd" 682
"C:/Users/Jacob/AppData/Local/UnrealEngine/Common/DerivedDataCache/4/5/7/TEXTURE_814DCC3DC72143F49509781513CB9855_DXT1_C5E44C7647E502A8F7D8A4A765251D1C__A6A58DE077A2622D2DAA593BC5A2DB8CAF19D43B.udd" 683
"C:/Users/Jacob/AppData/Local/UnrealEngine/Common/DerivedDataCache/8/6/1/TEXTURE_814DCC3DC72143F49509781513CB9855_DXT1_EC7A2F284AB3B56C3396F587ADFB9953__0059980628CCEB0D5159C6A769E157990F9E616C.udd" 684
"C:/Users/Jacob/AppData/Local/UnrealEngine/Common/DerivedDataCache/4/0/6/TEXTURE_814DCC3DC72143F49509781513CB9855_DXT1_9EF934DF426875C50AAF6CACB181DEA4__EB3F1C4FEE58E1DB4E517CC07EAE32D44B302DBF.udd" 685
"C:/Users/Jacob/AppData/Local/UnrealEngine/Common/DerivedDataCache/3/6/3/TEXTURE_814DCC3DC72143F49509781513CB9855_DXT1_C5E44C7647E502A8F7D8A4A765251D1C__E7411586979008033B6F763FD085DDB4F1ED95DC.udd" 686
"C:/Users/Jacob/AppData/Local/UnrealEngine/Common/DerivedDataCache/7/5/2/TEXTURE_814DCC3DC72143F49509781513CB9855_DXT1_8C651A93424CA698FDCA1CB56FB5C13E__D2BEE90A743026217689752D8F19BF23C1A7BF21.udd" 687
"C:/Users/Jacob/AppData/Local/UnrealEngine/Common/DerivedDataCache/1/9/8/TEXTURE_814DCC3DC72143F49509781513CB9855_DXT1_9EF934DF426875C50AAF6CACB181DEA4__BE57A9CB345A05D076DCD1D7857F0D91E0C14104.udd" 688
"C:/Users/Jacob/AppData/Local/UnrealEngine/Common/DerivedDataCache/3/4/2/TEXTURE_814DCC3DC72143F49509781513CB9855_DXT1_716F538E4C8A35BD1BB4DB9BF742FA1A__C0A751E3F0FD394F198BBD7E7378F472358AA3DD.udd" 689
"C:/Users/Jacob/AppData/Local/UnrealEngine/Common/DerivedDataCache/8/8/1/TEXTURE_814DCC3DC72143F49509781513CB9855_DXT1_E2D5FA0E479E88B4CF19A6BA3286EB93__FADD7705E421C74580CADBAE9C4A8CB8A1EE943A.udd" 690
"C:/Users/Jacob/AppData/Local/UnrealEngine/Common/DerivedDataCache/8/6/4/TEXTURE_814DCC3DC72143F49509781513CB9855_DXT1_0A93474E40EB04C7978A57BF76A0B820__28A5AFDD6B460C6030921FD341B41FA184CE6B4F.udd" 691
"C:/Users/Jacob/AppData/Local/UnrealEngine/Common/DerivedDataCache/8/5/9/TEXTURE_814DCC3DC72143F49509781513CB9855_DXT1_E2D5FA0E479E88B4CF19A6BA3286EB93__A91C469683DD8014443DBF7DE6DA3FB458936F0D.udd" 692
"C:/Users/Jacob/AppData/Local/UnrealEngine/Common/DerivedDataCache/0/6/6/TEXTURE_814DCC3DC72143F49509781513CB9855_DXT1_0A93474E40EB04C7978A57BF76A0B820__8DC69BFF2FDD5F7780ADF26C35C0A79508A6BAAC.udd" 693
"C:/Users/Jacob/AppData/Local/UnrealEngine/Common/DerivedDataCache/1/2/4/TEXTURE_814DCC3DC72143F49509781513CB9855_DXT1_716F538E4C8A35BD1BB4DB9BF742FA1A__505AB960B375EC164E168175E3CA726CEEC31A43.udd" 694
"C:/Users/Jacob/AppData/Local/UnrealEngine/Common/DerivedDataCache/7/4/3/TEXTURE_814DCC3DC72143F49509781513CB9855_DXT1_E2D5FA0E479E88B4CF19A6BA3286EB93__4FB5E511B21F76EE21376CCF9B0A33C914892E55.udd" 695
"C:/Users/Jacob/AppData/Local/UnrealEngine/Common/DerivedDataCache/1/4/1/TEXTURE_814DCC3DC72143F49509781513CB9855_DXT1_0A93474E40EB04C7978A57BF76A0B820__FEC4FFFAED524496BAF9B0EAF09319D98CF93AA8.udd" 696
"C:/Users/Jacob/AppData/Local/UnrealEngine/Common/DerivedDataCache/0/5/3/TEXTURE_814DCC3DC72143F49509781513CB9855_DXT1_BB6F40234CAAA3788ACC8AB01E18ED18__833832CBD16685CDA7FAD18663FB4CA30076270C.udd" 697
"C:/Users/Jacob/AppData/Local/UnrealEngine/Common/DerivedDataCache/5/2/2/TEXTURE_814DCC3DC72143F49509781513CB9855_DXT1_23475E6B48F1FB6CA06D0AAE021D5589__D1A3B54C9745312AB018A5D2110DF0F794AF81DF.udd" 698
"C:/Users/Jacob/AppData/Local/UnrealEngine/Common/DerivedDataCache/9/6/9/TEXTURE_814DCC3DC72143F49509781513CB9855_DXT1_BB6F40234CAAA3788ACC8AB01E18ED18__494F653A6B3965164C8B4CF5390A29477786B74C.udd" 699
"C:/Users/Jacob/AppData/Local/UnrealEngine/Common/DerivedDataCache/3/0/5/TEXTURE_814DCC3DC72143F49509781513CB9855_DXT1_23475E6B48F1FB6CA06D0AAE021D5589__AC343A2B88BC6BF5A10D3C8B89D797B0D5F56AF0.udd" 700
"C:/Users/Jacob/AppData/Local/UnrealEngine/Common/DerivedDataCache/9/1/5/TEXTURE_814DCC3DC72143F49509781513CB9855_DXT1_75046DAB4FF9C427CDD0DF93F6983FB8__64D673B3603D3CEFEA4A194D4868F5E1DFDFD0B7.udd" 701
"C:/Users/Jacob/AppData/Local/UnrealEngine/Common/DerivedDataCache/6/7/2/TEXTURE_814DCC3DC72143F49509781513CB9855_DXT1_23475E6B48F1FB6CA06D0AAE021D5589__A15FDF504105D47AD8B8D9031E5C78AA47A9BFC8.udd" 702
"C:/Users/Jacob/AppData/Local/UnrealEngine/Common/DerivedDataCache/6/7/0/TEXTURE_814DCC3DC72143F49509781513CB9855_DXT1_75046DAB4FF9C427CDD0DF93F6983FB8__39DC426C25AB8BA4CA4751DB296BE3E472EABC0D.udd" 703
"C:/Users/Jacob/AppData/Local/UnrealEngine/Common/DerivedDataCache/0/6/5/TEXTURE_814DCC3DC72143F49509781513CB9855_AUTODXT_9A7A796E494EF4E2F4AD7A934CEEC__1A2F8E62B39852F5525B09F65C69E67E14B59E29.udd" 704
"C:/Users/Jacob/AppData/Local/UnrealEngine/Common/DerivedDataCache/6/8/4/TEXTURE_814DCC3DC72143F49509781513CB9855_AUTODXT_B963FEFC4AF37E7F67EFE89A2874F__AF05B0DBD1E850E00A2C53080A651EC46FA217CA.udd" 705
"C:/Users/Jacob/AppData/Local/UnrealEngine/Common/DerivedDataCache/6/1/6/TEXTURE_814DCC3DC72143F49509781513CB9855_DXT1_716F538E4C8A35BD1BB4DB9BF742FA1A__EC8EA47FFE30C6DDF17AC1973D5E4F7D63593B00.udd" 706
"C:/Users/Jacob/AppData/Local/UnrealEngine/Common/DerivedDataCache/4/4/3/TEXTURE_814DCC3DC72143F49509781513CB9855_AUTODXT_9A7A796E494EF4E2F4AD7A934CEEC__B835C958734B3207B34849261684BA0CA1A7E69F.udd" 707
"C:/Users/Jacob/AppData/Local/UnrealEngine/Common/DerivedDataCache/0/2/7/TEXTURE_814DCC3DC72143F49509781513CB9855_AUTODXT_935983DD41038F33D6B0DA8F1E735__72B2F46BABEC1ABA40E67D023E9AFB786F908773.udd" 708
"C:/Users/Jacob/AppData/Local/UnrealEngine/Common/DerivedDataCache/0/5/8/TEXTURE_814DCC3DC72143F49509781513CB9855_AUTODXT_18A0F49E4CC80A490128D8A5D1A5B__B2A1D7084C7409684E5C5C6A75459DF4D9A088CB.udd" 709
"C:/Users/Jacob/AppData/Local/UnrealEngine/Common/DerivedDataCache/4/0/9/TEXTURE_814DCC3DC72143F49509781513CB9855_AUTODXT_935983DD41038F33D6B0DA8F1E735__C9AD55EB7B3157AFBA0F3159F47ACC3966521EE4.udd" 710
"C:/Users/Jacob/AppData/Local/UnrealEngine/Common/DerivedDataCache/0/8/2/TEXTURE_814DCC3DC72143F49509781513CB9855_DXT1_716F538E4C8A35BD1BB4DB9BF742FA1A__ADDC2AF7E2250EE570F578E8D606ECB0EA92FAAB.udd" 711
"C:/Users/Jacob/AppData/Local/UnrealEngine/Common/DerivedDataCache/4/7/2/TEXTURE_814DCC3DC72143F49509781513CB9855_AUTODXT_18A0F49E4CC80A490128D8A5D1A5B__215B12072DB440B165B386FAF0373B399F0E3520.udd" 712
"C:/Users/Jacob/AppData/Local/UnrealEngine/Common/DerivedDataCache/9/8/9/TEXTURE_814DCC3DC72143F49509781513CB9855_AUTODXT_18A0F49E4CC80A490128D8A5D1A5B__BFA0C5AA9E4D85CDC220491DFEC882A279736103.udd" 713
"C:/Users/Jacob/AppData/Local/UnrealEngine/Common/DerivedDataCache/6/5/0/TEXTURE_814DCC3DC72143F49509781513CB9855_DXT1_716F538E4C8A35BD1BB4DB9BF742FA1A__BEF1388C2C0F73F29D935BCD60E5A012538FA904.udd" 714
"C:/Users/Jacob/AppData/Local/UnrealEngine/Common/DerivedDataCache/5/2/2/TEXTURE_814DCC3DC72143F49509781513CB9855_AUTODXT_D0622ABD459F16CA96A3238EC3D78__8F21589E90DA6705B7A4AF03D7F85632951740C8.udd" 715
"C:/Users/Jacob/AppData/Local/UnrealEngine/Common/DerivedDataCache/6/6/1/TEXTURE_814DCC3DC72143F49509781513CB9855_AUTODXT_9D7FED5546FCE800937F4D8F95640__D5AD4B93F3B17960CE4C2F8A592548BA60368898.udd" 716
"C:/Users/Jacob/AppData/Local/UnrealEngine/Common/DerivedDataCache/8/5/3/TEXTURE_814DCC3DC72143F49509781513CB9855_AUTODXT_D0622ABD459F16CA96A3238EC3D78__6ED7E8B237B2E320F3238F9C6B33B247A8CE87F6.udd" 717
"C:/Users/Jacob/AppData/Local/UnrealEngine/Common/DerivedDataCache/0/9/6/TEXTURE_814DCC3DC72143F49509781513CB9855_AUTODXT_935983DD41038F33D6B0DA8F1E735__714259AC17CB3AFE27F647310393ACDE1CD47A7E.udd" 718
"C:/Users/Jacob/AppData/Local/UnrealEngine/Common/DerivedDataCache/8/6/2/TEXTURE_814DCC3DC72143F49509781513CB9855_AUTODXT_9D7FED5546FCE800937F4D8F95640__3E70ACD00AF81D16996829DEF1EC62ECE19261E3.udd" 719
"C:/Users/Jacob/AppData/Local/UnrealEngine/Common/DerivedDataCache/6/5/5/TEXTURE_814DCC3DC72143F49509781513CB9855_AUTODXT_D0622ABD459F16CA96A3238EC3D78__17187A7200E96C95713FB3B6D2CCE05B839F7737.udd" 720
"C:/Users/Jacob/AppData/Local/UnrealEngine/Common/DerivedDataCache/1/6/8/TEXTURE_814DCC3DC72143F49509781513CB9855_AUTODXT_9D7FED5546FCE800937F4D8F95640__B71113E54BF688E87844F515AB594ED528A19DEA.udd" 721
"C:/Users/Jacob/AppData/Local/UnrealEngine/Common/DerivedDataCache/3/1/7/TEXTURE_814DCC3DC72143F49509781513CB9855_AUTODXT_935983DD41038F33D6B0DA8F1E735__38E631BC952D5906C0EEF9FBEA0C26BDCB0B4764.udd" 722
"C:/Users/Jacob/AppData/Local/UnrealEngine/Common/DerivedDataCache/7/1/5/TEXTURE_814DCC3DC72143F49509781513CB9855_AUTODXT_09B114C04197CE828CD76F80A940F__52F5C8AEDC6CA285C4FCA960B10A8536FBF56748.udd" 723
"C:/Users/Jacob/AppData/Local/UnrealEngine/Common/DerivedDataCache/6/9/9/TEXTURE_814DCC3DC72143F49509781513CB9855_AUTODXT_30DEF0C446ADBB52919C2CBCA0670__5073C11DEF002B95DB80DB2627233EE1906ADC9B.udd" 724
"C:/Users/Jacob/AppData/Local/UnrealEngine/Common/DerivedDataCache/8/1/3/TEXTURE_814DCC3DC72143F49509781513CB9855_AUTODXT_935983DD41038F33D6B0DA8F1E735__081C9754D79F7B1681231B38F4F8F9BD4622A924.udd" 725
"C:/Users/Jacob/AppData/Local/UnrealEngine/Common/DerivedDataCache/4/7/1/TEXTURE_814DCC3DC72143F49509781513CB9855_AUTODXT_09B114C04197CE828CD76F80A940F__05D11654153704CD7C556AF1A011B81CD03D8DB4.udd" 726
"C:/Users/Jacob/AppData/Local/UnrealEngine/Common/DerivedDataCache/3/0/3/TEXTURE_814DCC3DC72143F49509781513CB9855_AUTODXT_30DEF0C446ADBB52919C2CBCA0670__20C44B46551856EE6EE78267205CDF0FEF29BC14.udd" 727
"C:/Users/Jacob/AppData/Local/UnrealEngine/Common/DerivedDataCache/4/3/1/TEXTURE_814DCC3DC72143F49509781513CB9855_AUTODXT_30DEF0C446ADBB52919C2CBCA0670__FF47A21BC1429D20D70DE24E3D6FFC2C053F25B9.udd" 728
"C:/Users/Jacob/AppData/Local/UnrealEngine/Common/DerivedDataCache/9/8/1/TEXTURE_814DCC3DC72143F49509781513CB9855_AUTODXT_7CE3A0DB4BB7780F2845158E6C7C5__D1CD4C5B1E35690603BE17D1ABC8675DBA8E26F5.udd" 729
"C:/Users/Jacob/AppData/Local/UnrealEngine/Common/DerivedDataCache/5/7/8/TEXTURE_814DCC3DC72143F49509781513CB9855_AUTODXT_462344574149129803DAF4A140F37__71B8F3217CFEC56EAE796C39920B1F1FBA478B80.udd" 730
"C:/Users/Jacob/AppData/Local/UnrealEngine/Common/DerivedDataCache/5/3/9/TEXTURE_814DCC3DC72143F49509781513CB9855_AUTODXT_C7DE62914E3EE2E63FC1BFA382A60__E4F81D1591E3DC0F95D49607495DAD3B9A13A8AB.udd" 731
"C:/Users/Jacob/AppData/Local/UnrealEngine/Common/DerivedDataCache/0/3/0/TEXTURE_814DCC3DC72143F49509781513CB9855_AUTODXT_7CE3A0DB4BB7780F2845158E6C7C5__84C935AB912CFB469FF179E516A5E8B553730D56.udd" 732
"C:/Users/Jacob/AppData/Local/UnrealEngine/Common/DerivedDataCache/5/8/6/TEXTURE_814DCC3DC72143F49509781513CB9855_AUTODXT_462344574149129803DAF4A140F37__E12FD12E3B6753843C77468089CAF8565997E7B9.udd" 733
"C:/Users/Jacob/AppData/Local/UnrealEngine/Common/DerivedDataCache/9/4/4/TEXTURE_814DCC3DC72143F49509781513CB9855_AUTODXT_C7DE62914E3EE2E63FC1BFA382A60__6379F1CE022BC6EBF0328F4034167BA65782043B.udd" 734
"C:/Users/Jacob/AppData/Local/UnrealEngine/Common/DerivedDataCache/1/7/2/TEXTURE_814DCC3DC72143F49509781513CB9855_AUTODXT_348ADB5849E8A6271213549AA6764__7874EA7DA0F9181557B1F402BB675F1B9702B817.udd" 735
"C:/Users/Jacob/AppData/Local/UnrealEngine/Common/DerivedDataCache/2/0/6/TEXTURE_814DCC3DC72143F49509781513CB9855_AUTODXT_800C08324C7C61B83C6CDAB866136__30424477008AC34ED514B1091EDFA7FBA55EAD3B.udd" 736
"C:/Users/Jacob/AppData/Local/UnrealEngine/Common/DerivedDataCache/4/2/5/TEXTURE_814DCC3DC72143F49509781513CB9855_AUTODXT_348ADB5849E8A6271213549AA6764__43EDFAC096CDFE79A58B34FB78E9B90AA2502FC8.udd" 737
"C:/Users/Jacob/AppData/Local/UnrealEngine/Common/DerivedDataCache/7/7/2/TEXTURE_814DCC3DC72143F49509781513CB9855_AUTODXT_4417130B4350DC73C6433DB657660__DEBCB25BA188179BAF7A4DC3A59480ED94CD2FE7.udd" 738
"C:/Users/Jacob/AppData/Local/UnrealEngine/Common/DerivedDataCache/7/8/4/TEXTURE_814DCC3DC72143F49509781513CB9855_AUTODXT_800C08324C7C61B83C6CDAB866136__E51424518659C84100A71C2390BA7D93685409C8.udd" 739
"C:/Users/Jacob/AppData/Local/UnrealEngine/Common/DerivedDataCache/2/9/3/TEXTURE_814DCC3DC72143F49509781513CB9855_AUTODXT_348ADB5849E8A6271213549AA6764__335AE56A8B0CAC2D9BC16CC8360389ED12126BD1.udd" 740
"C:/Users/Jacob/AppData/Local/UnrealEngine/Common/DerivedDataCache/8/8/3/TEXTURE_814DCC3DC72143F49509781513CB9855_AUTODXT_800C08324C7C61B83C6CDAB866136__952B37AEF203B992D2CEB58F5F8A92CD4EEE6C6B.udd" 741
"C:/Users/Jacob/AppData/Local/UnrealEngine/Common/DerivedDataCache/5/6/1/TEXTURE_814DCC3DC72143F49509781513CB9855_AUTODXT_4417130B4350DC73C6433DB657660__6CD23F8FAB37FFAB17EC717D84285395D94E1C9B.udd" 742
"C:/Users/Jacob/AppData/Local/UnrealEngine/Common/DerivedDataCache/1/5/9/TEXTURE_814DCC3DC72143F49509781513CB9855_AUTODXT_980CF084437AE6FB1948A58331226__EB679B3E278F58D1980687B53D8D57C284DB5923.udd" 743
"C:/Users/Jacob/AppData/Local/UnrealEngine/Common/DerivedDataCache/4/1/5/TEXTURE_814DCC3DC72143F49509781513CB9855_AUTODXT_5D6B2A8B4B59735D5B06A8A8E2E26__54FBEBF815447E1955B16BBC9B438A71957C708C.udd" 744
"C:/Users/Jacob/AppData/Local/UnrealEngine/Common/DerivedDataCache/6/6/2/TEXTURE_814DCC3DC72143F49509781513CB9855_AUTODXT_5D6B2A8B4B59735D5B06A8A8E2E26__76099FBB68DA53852B12E30F8439F71BF9D6AF51.udd" 745
"../../../Engine/Content/EditorResources/EmptyActor.uasset" 746
"../../../Engine/Content/MobileResources/HUD/AnalogHat.uasset" 747
"../../../Engine/Content/MobileResources/HUD/MobileHUDButton1_off.uasset" 748
"../../../Engine/Content/MobileResources/HUD/MobileHUDDirectionPad2.uasset" 749
"../../../Engine/Content/MobileResources/HUD/LeftVirtualJoystickOnly.uasset" 750
"../../../Engine/Content/MobileResources/HUD/MobileHUDButton3.uasset" 751
"..\..\..\Engine\Content\Internationalization\icudt53l\windowsZones.res" 752
"..\..\..\Engine\Content\Internationalization\icudt53l\zoneinfo64.res" 753
"..\..\..\Engine\Content\Internationalization\icudt53l\keyTypeData.res" 754
"..\..\..\Engine\Content\Internationalization\icudt53l\timezoneTypes.res" 755
"..\..\..\Engine\Content\Internationalization\icudt53l\supplementalData.res" 756
"..\..\..\Engine\Content\Internationalization\icudt53l\likelySubtags.res" 757
